This is XeTeX, Version 3.141592653-2.6-0.999993 (TeX Live 2022/dev/Debian) (preloaded format=xelatex 2022.5.22)  7 OCT 2022 22:19
entering extended mode
 restricted \write18 enabled.
 %&-line parsing enabled.
**Svetunkov---Statistics-for-Business-Analytics.tex
(./Svetunkov---Statistics-for-Business-Analytics.tex
LaTeX2e <2021-11-15> patch level 1
L3 programming layer <2022-01-21> (/usr/share/texlive/texmf-dist/tex/latex/base
/book.cls
Document Class: book 2021/10/04 v1.4n Standard LaTeX document class
(/usr/share/texlive/texmf-dist/tex/latex/base/bk10.clo
File: bk10.clo 2021/10/04 v1.4n Standard LaTeX file (size option)
)
\c@part=\count181
\c@chapter=\count182
\c@section=\count183
\c@subsection=\count184
\c@subsubsection=\count185
\c@paragraph=\count186
\c@subparagraph=\count187
\c@figure=\count188
\c@table=\count189
\abovecaptionskip=\skip47
\belowcaptionskip=\skip48
\bibindent=\dimen138
) (/usr/share/texlive/texmf-dist/tex/latex/amsmath/amsmath.sty
Package: amsmath 2021/10/15 v2.17l AMS math features
\@mathmargin=\skip49
For additional information on amsmath, use the `?' option.
(/usr/share/texlive/texmf-dist/tex/latex/amsmath/amstext.sty
Package: amstext 2021/08/26 v2.01 AMS text
(/usr/share/texlive/texmf-dist/tex/latex/amsmath/amsgen.sty
File: amsgen.sty 1999/11/30 v2.0 generic functions
\@emptytoks=\toks16
\ex@=\dimen139
)) (/usr/share/texlive/texmf-dist/tex/latex/amsmath/amsbsy.sty
Package: amsbsy 1999/11/29 v1.2d Bold Symbols
\pmbraise@=\dimen140
) (/usr/share/texlive/texmf-dist/tex/latex/amsmath/amsopn.sty
Package: amsopn 2021/08/26 v2.02 operator names
)
\inf@bad=\count190
LaTeX Info: Redefining \frac on input line 234.
\uproot@=\count191
\leftroot@=\count192
LaTeX Info: Redefining \overline on input line 399.
\classnum@=\count193
\DOTSCASE@=\count194
LaTeX Info: Redefining \ldots on input line 496.
LaTeX Info: Redefining \dots on input line 499.
LaTeX Info: Redefining \cdots on input line 620.
\Mathstrutbox@=\box50
\strutbox@=\box51
\big@size=\dimen141
LaTeX Font Info:    Redeclaring font encoding OML on input line 743.
LaTeX Font Info:    Redeclaring font encoding OMS on input line 744.
\macc@depth=\count195
\c@MaxMatrixCols=\count196
\dotsspace@=\muskip16
\c@parentequation=\count197
\dspbrk@lvl=\count198
\tag@help=\toks17
\row@=\count199
\column@=\count266
\maxfields@=\count267
\andhelp@=\toks18
\eqnshift@=\dimen142
\alignsep@=\dimen143
\tagshift@=\dimen144
\tagwidth@=\dimen145
\totwidth@=\dimen146
\lineht@=\dimen147
\@envbody=\toks19
\multlinegap=\skip50
\multlinetaggap=\skip51
\mathdisplay@stack=\toks20
LaTeX Info: Redefining \[ on input line 2938.
LaTeX Info: Redefining \] on input line 2939.
) (/usr/share/texlive/texmf-dist/tex/latex/amsfonts/amssymb.sty
Package: amssymb 2013/01/14 v3.01 AMS font symbols
(/usr/share/texlive/texmf-dist/tex/latex/amsfonts/amsfonts.sty
Package: amsfonts 2013/01/14 v3.01 Basic AMSFonts support
\symAMSa=\mathgroup4
\symAMSb=\mathgroup5
LaTeX Font Info:    Redeclaring math symbol \hbar on input line 98.
LaTeX Font Info:    Overwriting math alphabet `\mathfrak' in version `bold'
(Font)                  U/euf/m/n --> U/euf/b/n on input line 106.
)) (/usr/share/texmf/tex/latex/lm/lmodern.sty
Package: lmodern 2009/10/30 v1.6 Latin Modern Fonts
LaTeX Font Info:    Overwriting symbol font `operators' in version `normal'
(Font)                  OT1/cmr/m/n --> OT1/lmr/m/n on input line 22.
LaTeX Font Info:    Overwriting symbol font `letters' in version `normal'
(Font)                  OML/cmm/m/it --> OML/lmm/m/it on input line 23.
LaTeX Font Info:    Overwriting symbol font `symbols' in version `normal'
(Font)                  OMS/cmsy/m/n --> OMS/lmsy/m/n on input line 24.
LaTeX Font Info:    Overwriting symbol font `largesymbols' in version `normal'
(Font)                  OMX/cmex/m/n --> OMX/lmex/m/n on input line 25.
LaTeX Font Info:    Overwriting symbol font `operators' in version `bold'
(Font)                  OT1/cmr/bx/n --> OT1/lmr/bx/n on input line 26.
LaTeX Font Info:    Overwriting symbol font `letters' in version `bold'
(Font)                  OML/cmm/b/it --> OML/lmm/b/it on input line 27.
LaTeX Font Info:    Overwriting symbol font `symbols' in version `bold'
(Font)                  OMS/cmsy/b/n --> OMS/lmsy/b/n on input line 28.
LaTeX Font Info:    Overwriting symbol font `largesymbols' in version `bold'
(Font)                  OMX/cmex/m/n --> OMX/lmex/m/n on input line 29.
LaTeX Font Info:    Overwriting math alphabet `\mathbf' in version `normal'
(Font)                  OT1/cmr/bx/n --> OT1/lmr/bx/n on input line 31.
LaTeX Font Info:    Overwriting math alphabet `\mathsf' in version `normal'
(Font)                  OT1/cmss/m/n --> OT1/lmss/m/n on input line 32.
LaTeX Font Info:    Overwriting math alphabet `\mathit' in version `normal'
(Font)                  OT1/cmr/m/it --> OT1/lmr/m/it on input line 33.
LaTeX Font Info:    Overwriting math alphabet `\mathtt' in version `normal'
(Font)                  OT1/cmtt/m/n --> OT1/lmtt/m/n on input line 34.
LaTeX Font Info:    Overwriting math alphabet `\mathbf' in version `bold'
(Font)                  OT1/cmr/bx/n --> OT1/lmr/bx/n on input line 35.
LaTeX Font Info:    Overwriting math alphabet `\mathsf' in version `bold'
(Font)                  OT1/cmss/bx/n --> OT1/lmss/bx/n on input line 36.
LaTeX Font Info:    Overwriting math alphabet `\mathit' in version `bold'
(Font)                  OT1/cmr/bx/it --> OT1/lmr/bx/it on input line 37.
LaTeX Font Info:    Overwriting math alphabet `\mathtt' in version `bold'
(Font)                  OT1/cmtt/m/n --> OT1/lmtt/m/n on input line 38.
) (/usr/share/texlive/texmf-dist/tex/generic/iftex/iftex.sty
Package: iftex 2020/03/06 v1.0d TeX engine tests
) (/usr/share/texlive/texmf-dist/tex/latex/unicode-math/unicode-math.sty (/usr/
share/texlive/texmf-dist/tex/latex/l3kernel/expl3.sty
Package: expl3 2022-01-21 L3 programming layer (loader) 
(/usr/share/texlive/texmf-dist/tex/latex/l3backend/l3backend-xetex.def
File: l3backend-xetex.def 2022-01-12 L3 backend support: XeTeX
(|extractbb --version)
\c__kernel_sys_dvipdfmx_version_int=\count268
\l__color_backend_stack_int=\count269
\g__color_backend_stack_int=\count270
\g__graphics_track_int=\count271
\l__pdf_internal_box=\box52
\g__pdf_backend_object_int=\count272
\g__pdf_backend_annotation_int=\count273
\g__pdf_backend_link_int=\count274
))
Package: unicode-math 2020/01/31 v0.8q Unicode maths in XeLaTeX and LuaLaTeX
(/usr/share/texlive/texmf-dist/tex/latex/unicode-math/unicode-math-xetex.sty
Package: unicode-math-xetex 2020/01/31 v0.8q Unicode maths in XeLaTeX and LuaLa
TeX
(/usr/share/texlive/texmf-dist/tex/latex/l3packages/xparse/xparse.sty
Package: xparse 2022-01-12 L3 Experimental document command parser
) (/usr/share/texlive/texmf-dist/tex/latex/l3packages/l3keys2e/l3keys2e.sty
Package: l3keys2e 2022-01-12 LaTeX2e option processing using LaTeX3 keys
) (/usr/share/texlive/texmf-dist/tex/latex/fontspec/fontspec.sty
Package: fontspec 2022/01/15 v2.8a Font selection for XeLaTeX and LuaLaTeX
(/usr/share/texlive/texmf-dist/tex/latex/fontspec/fontspec-xetex.sty
Package: fontspec-xetex 2022/01/15 v2.8a Font selection for XeLaTeX and LuaLaTe
X
\l__fontspec_script_int=\count275
\l__fontspec_language_int=\count276
\l__fontspec_strnum_int=\count277
\l__fontspec_tmp_int=\count278
\l__fontspec_tmpa_int=\count279
\l__fontspec_tmpb_int=\count280
\l__fontspec_tmpc_int=\count281
\l__fontspec_em_int=\count282
\l__fontspec_emdef_int=\count283
\l__fontspec_strong_int=\count284
\l__fontspec_strongdef_int=\count285
\l__fontspec_tmpa_dim=\dimen148
\l__fontspec_tmpb_dim=\dimen149
\l__fontspec_tmpc_dim=\dimen150
(/usr/share/texlive/texmf-dist/tex/latex/base/fontenc.sty
Package: fontenc 2021/04/29 v2.0v Standard LaTeX package
) (/usr/share/texlive/texmf-dist/tex/latex/fontspec/fontspec.cfg))) (/usr/share
/texlive/texmf-dist/tex/latex/base/fix-cm.sty
Package: fix-cm 2020/11/24 v1.1t fixes to LaTeX
(/usr/share/texlive/texmf-dist/tex/latex/base/ts1enc.def
File: ts1enc.def 2001/06/05 v3.0e (jk/car/fm) Standard LaTeX file
LaTeX Font Info:    Redeclaring font encoding TS1 on input line 47.
))
\g__um_fam_int=\count286
\g__um_fonts_used_int=\count287
\l__um_primecount_int=\count288
\g__um_primekern_muskip=\muskip17
(/usr/share/texlive/texmf-dist/tex/latex/unicode-math/unicode-math-table.tex)))
(/usr/share/texlive/texmf-dist/tex/latex/upquote/upquote.sty
Package: upquote 2012/04/19 v1.3 upright-quote and grave-accent glyphs in verba
tim
(/usr/share/texlive/texmf-dist/tex/latex/base/textcomp.sty
Package: textcomp 2020/02/02 v2.0n Standard LaTeX package
)) (/usr/share/texlive/texmf-dist/tex/latex/microtype/microtype.sty
Package: microtype 2021/12/10 v3.0b Micro-typographical refinements (RS)
(/usr/share/texlive/texmf-dist/tex/latex/graphics/keyval.sty
Package: keyval 2014/10/28 v1.15 key=value parser (DPC)
\KV@toks@=\toks21
) (/usr/share/texlive/texmf-dist/tex/latex/etoolbox/etoolbox.sty
Package: etoolbox 2020/10/05 v2.5k e-TeX tools for LaTeX (JAW)
\etb@tempcnta=\count289
)
\MT@toks=\toks22
\MT@count=\count290
\MT@tempbox=\box53
LaTeX Info: Redefining \leftprotrusion on input line 1010.
LaTeX Info: Redefining \rightprotrusion on input line 1018.
LaTeX Info: Redefining \textls on input line 1173.
\MT@outer@kern=\dimen151
LaTeX Info: Redefining \textmicrotypecontext on input line 1759.
\MT@listname@count=\count291
(/usr/share/texlive/texmf-dist/tex/latex/microtype/microtype-xetex.def
File: microtype-xetex.def 2021/12/10 v3.0b Definitions specific to xetex (RS)
LaTeX Info: Redefining \lsstyle on input line 234.
)
Package microtype Info: Loading configuration file microtype.cfg.
(/usr/share/texlive/texmf-dist/tex/latex/microtype/microtype.cfg
File: microtype.cfg 2021/12/10 v3.0b microtype main configuration file (RS)
)) (/usr/share/texlive/texmf-dist/tex/latex/parskip/parskip.sty
Package: parskip 2021-03-14 v2.0h non-zero parskip adjustments
(/usr/share/texlive/texmf-dist/tex/latex/kvoptions/kvoptions.sty
Package: kvoptions 2020-10-07 v3.14 Key value format for package options (HO)
(/usr/share/texlive/texmf-dist/tex/generic/ltxcmds/ltxcmds.sty
Package: ltxcmds 2020-05-10 v1.25 LaTeX kernel commands for general use (HO)
) (/usr/share/texlive/texmf-dist/tex/generic/kvsetkeys/kvsetkeys.sty
Package: kvsetkeys 2019/12/15 v1.18 Key value parser (HO)
))) (/usr/share/texlive/texmf-dist/tex/latex/xcolor/xcolor.sty
Package: xcolor 2021/10/31 v2.13 LaTeX color extensions (UK)
(/usr/share/texlive/texmf-dist/tex/latex/graphics-cfg/color.cfg
File: color.cfg 2016/01/02 v1.6 sample color configuration
)
Package xcolor Info: Driver file: xetex.def on input line 227.
(/usr/share/texlive/texmf-dist/tex/latex/graphics-def/xetex.def
File: xetex.def 2021/03/18 v5.0k Graphics/color driver for xetex
)
Package xcolor Info: Model `cmy' substituted by `cmy0' on input line 1352.
Package xcolor Info: Model `RGB' extended on input line 1368.
Package xcolor Info: Model `HTML' substituted by `rgb' on input line 1370.
Package xcolor Info: Model `Hsb' substituted by `hsb' on input line 1371.
Package xcolor Info: Model `tHsb' substituted by `hsb' on input line 1372.
Package xcolor Info: Model `HSB' substituted by `hsb' on input line 1373.
Package xcolor Info: Model `Gray' substituted by `gray' on input line 1374.
Package xcolor Info: Model `wave' substituted by `hsb' on input line 1375.
) (/usr/share/texlive/texmf-dist/tex/latex/fancyvrb/fancyvrb.sty
Package: fancyvrb 2021/12/21 4.1b verbatim text (tvz,hv)
\FV@CodeLineNo=\count292
\FV@InFile=\read2
\FV@TabBox=\box54
\c@FancyVerbLine=\count293
\FV@StepNumber=\count294
\FV@OutFile=\write3
) (/usr/share/texlive/texmf-dist/tex/latex/framed/framed.sty
Package: framed 2011/10/22 v 0.96: framed or shaded text with page breaks
\OuterFrameSep=\skip52
\fb@frw=\dimen152
\fb@frh=\dimen153
\FrameRule=\dimen154
\FrameSep=\dimen155
) (/usr/share/texlive/texmf-dist/tex/latex/tools/longtable.sty
Package: longtable 2021-09-01 v4.17 Multi-page Table package (DPC)
\LTleft=\skip53
\LTright=\skip54
\LTpre=\skip55
\LTpost=\skip56
\LTchunksize=\count295
\LTcapwidth=\dimen156
\LT@head=\box55
\LT@firsthead=\box56
\LT@foot=\box57
\LT@lastfoot=\box58
\LT@gbox=\box59
\LT@cols=\count296
\LT@rows=\count297
\c@LT@tables=\count298
\c@LT@chunks=\count299
\LT@p@ftn=\toks23
) (/usr/share/texlive/texmf-dist/tex/latex/booktabs/booktabs.sty
Package: booktabs 2020/01/12 v1.61803398 Publication quality tables
\heavyrulewidth=\dimen157
\lightrulewidth=\dimen158
\cmidrulewidth=\dimen159
\belowrulesep=\dimen160
\belowbottomsep=\dimen161
\aboverulesep=\dimen162
\abovetopsep=\dimen163
\cmidrulesep=\dimen164
\cmidrulekern=\dimen165
\defaultaddspace=\dimen166
\@cmidla=\count300
\@cmidlb=\count301
\@aboverulesep=\dimen167
\@belowrulesep=\dimen168
\@thisruleclass=\count302
\@lastruleclass=\count303
\@thisrulewidth=\dimen169
) (/usr/share/texlive/texmf-dist/tex/latex/tools/array.sty
Package: array 2021/10/04 v2.5f Tabular extension package (FMi)
\col@sep=\dimen170
\ar@mcellbox=\box60
\extrarowheight=\dimen171
\NC@list=\toks24
\extratabsurround=\skip57
\backup@length=\skip58
\ar@cellbox=\box61
) (/usr/share/texlive/texmf-dist/tex/latex/tools/calc.sty
Package: calc 2017/05/25 v4.3 Infix arithmetic (KKT,FJ)
\calc@Acount=\count304
\calc@Bcount=\count305
\calc@Adimen=\dimen172
\calc@Bdimen=\dimen173
\calc@Askip=\skip59
\calc@Bskip=\skip60
LaTeX Info: Redefining \setlength on input line 80.
LaTeX Info: Redefining \addtolength on input line 81.
\calc@Ccount=\count306
\calc@Cskip=\skip61
) (/usr/share/texlive/texmf-dist/tex/latex/footnotehyper/footnotehyper.sty
Package: footnotehyper 2021/08/13 v1.1e hyperref aware footnote.sty (JFB)
\FNH@notes=\box62
\FNH@width=\dimen174
\FNH@toks=\toks25
) (/usr/share/texlive/texmf-dist/tex/latex/graphics/graphicx.sty
Package: graphicx 2021/09/16 v1.2d Enhanced LaTeX Graphics (DPC,SPQR)
(/usr/share/texlive/texmf-dist/tex/latex/graphics/graphics.sty
Package: graphics 2021/03/04 v1.4d Standard LaTeX Graphics (DPC,SPQR)
(/usr/share/texlive/texmf-dist/tex/latex/graphics/trig.sty
Package: trig 2021/08/11 v1.11 sin cos tan (DPC)
) (/usr/share/texlive/texmf-dist/tex/latex/graphics-cfg/graphics.cfg
File: graphics.cfg 2016/06/04 v1.11 sample graphics configuration
)
Package graphics Info: Driver file: xetex.def on input line 107.
)
\Gin@req@height=\dimen175
\Gin@req@width=\dimen176
) (/usr/share/texlive/texmf-dist/tex/latex/amscls/amsthm.sty
Package: amsthm 2020/05/29 v2.20.6
\thm@style=\toks26
\thm@bodyfont=\toks27
\thm@headfont=\toks28
\thm@notefont=\toks29
\thm@headpunct=\toks30
\thm@preskip=\skip62
\thm@postskip=\skip63
\thm@headsep=\skip64
\dth@everypar=\toks31
) (/usr/share/texlive/texmf-dist/tex/latex/mathtools/mathtools.sty
Package: mathtools 2021/02/02 v1.28 mathematical typesetting tools
(/usr/share/texlive/texmf-dist/tex/latex/mathtools/mhsetup.sty
Package: mhsetup 2021/03/18 v1.4 programming setup (MH)
)
\g_MT_multlinerow_int=\count307
\l_MT_multwidth_dim=\dimen177
\origjot=\skip65
\l_MT_shortvdotswithinadjustabove_dim=\dimen178
\l_MT_shortvdotswithinadjustbelow_dim=\dimen179
\l_MT_above_intertext_sep=\dimen180
\l_MT_below_intertext_sep=\dimen181
\l_MT_above_shortintertext_sep=\dimen182
\l_MT_below_shortintertext_sep=\dimen183
\xmathstrut@box=\box63
\xmathstrut@dim=\dimen184
) (/usr/share/texlive/texmf-dist/tex/latex/multirow/multirow.sty
Package: multirow 2021/03/15 v2.8 Span multiple rows of a table
\multirow@colwidth=\skip66
\multirow@cntb=\count308
\multirow@dima=\skip67
\bigstrutjot=\dimen185
) (/usr/share/texlive/texmf-dist/tex/latex/wrapfig/wrapfig.sty
\wrapoverhang=\dimen186
\WF@size=\dimen187
\c@WF@wrappedlines=\count309
\WF@box=\box64
\WF@everypar=\toks32
Package: wrapfig 2003/01/31  v 3.6
) (/usr/share/texlive/texmf-dist/tex/latex/float/float.sty
Package: float 2001/11/08 v1.3d Float enhancements (AL)
\c@float@type=\count310
\float@exts=\toks33
\float@box=\box65
\@float@everytoks=\toks34
\@floatcapt=\box66
) (/usr/share/texlive/texmf-dist/tex/latex/colortbl/colortbl.sty
Package: colortbl 2020/01/04 v1.0e Color table columns (DPC)
\everycr=\toks35
\minrowclearance=\skip68
) (/usr/share/texlive/texmf-dist/tex/latex/pdflscape/pdflscape.sty
Package: pdflscape 2019/12/05 v0.12 Display of landscape pages in PDF (HO)
(/usr/share/texlive/texmf-dist/tex/latex/graphics/lscape.sty
Package: lscape 2020/05/28 v3.02 Landscape Pages (DPC)
)
Package pdflscape Info: Auto-detected driver: dvipdfm (xetex) on input line 98.

(/usr/share/texlive/texmf-dist/tex/latex/base/atbegshi-ltx.sty
Package: atbegshi-ltx 2021/01/10 v1.0c Emulation of the original atbegshi
package with kernel methods
)) (/usr/share/texlive/texmf-dist/tex/latex/tabu/tabu.sty
Package: tabu 2019/01/11 v2.9 - flexible LaTeX tabulars (FC+tabu-fixed) + inter
mediate FMi
(/usr/share/texlive/texmf-dist/tex/latex/varwidth/varwidth.sty
Package: varwidth 2009/03/30 ver 0.92;  Variable-width minipages
\@vwid@box=\box67
\sift@deathcycles=\count311
\@vwid@loff=\dimen188
\@vwid@roff=\dimen189
)
\c@taburow=\count312
\tabu@nbcols=\count313
\tabu@cnt=\count314
\tabu@Xcol=\count315
\tabu@alloc=\count316
\tabu@nested=\count317
\tabu@target=\dimen190
\tabu@spreadtarget=\dimen191
\tabu@naturalX=\dimen192
\tabucolX=\dimen193
\tabu@Xsum=\dimen194
\extrarowdepth=\dimen195
\abovetabulinesep=\dimen196
\belowtabulinesep=\dimen197
\tabustrutrule=\dimen198
\tabu@thebody=\toks36
\tabu@footnotes=\toks37
\tabu@box=\box68
\tabu@arstrutbox=\box69
\tabu@hleads=\box70
\tabu@vleads=\box71
\tabu@cellskip=\skip69
) (/usr/share/texlive/texmf-dist/tex/latex/threeparttable/threeparttable.sty
Package: threeparttable 2003/06/13  v 3.0
\@tempboxb=\box72
) (/usr/share/texlive/texmf-dist/tex/latex/threeparttablex/threeparttablex.sty
Package: threeparttablex 2013/07/23 v0.3 by daleif
(/usr/share/texlive/texmf-dist/tex/latex/environ/environ.sty
Package: environ 2014/05/04 v0.3 A new way to define environments
(/usr/share/texlive/texmf-dist/tex/latex/trimspaces/trimspaces.sty
Package: trimspaces 2009/09/17 v1.1 Trim spaces around a token list
))
\TPTL@width=\skip70
) (/usr/share/texlive/texmf-dist/tex/generic/ulem/ulem.sty
\UL@box=\box73
\UL@hyphenbox=\box74
\UL@skip=\skip71
\UL@hook=\toks38
\UL@height=\dimen199
\UL@pe=\count318
\UL@pixel=\dimen256
\ULC@box=\box75
Package: ulem 2019/11/18
\ULdepth=\dimen257
) (/usr/share/texlive/texmf-dist/tex/latex/makecell/makecell.sty
Package: makecell 2009/08/03 V0.1e Managing of Tab Column Heads and Cells
\rotheadsize=\dimen258
\c@nlinenum=\count319
\TeXr@lab=\toks39
) (/usr/share/texlive/texmf-dist/tex/latex/natbib/natbib.sty
Package: natbib 2010/09/13 8.31b (PWD, AO)
\bibhang=\skip72
\bibsep=\skip73
LaTeX Info: Redefining \cite on input line 694.
\c@NAT@ctr=\count320
) (/usr/share/texlive/texmf-dist/tex/latex/bookmark/bookmark.sty
Package: bookmark 2020-11-06 v1.29 PDF bookmarks (HO)
(/usr/share/texlive/texmf-dist/tex/latex/hyperref/hyperref.sty
Package: hyperref 2021-06-07 v7.00m Hypertext links for LaTeX
(/usr/share/texlive/texmf-dist/tex/generic/pdftexcmds/pdftexcmds.sty
Package: pdftexcmds 2020-06-27 v0.33 Utility functions of pdfTeX for LuaTeX (HO
)
(/usr/share/texlive/texmf-dist/tex/generic/infwarerr/infwarerr.sty
Package: infwarerr 2019/12/03 v1.5 Providing info/warning/error messages (HO)
)
Package pdftexcmds Info: \pdf@primitive is available.
Package pdftexcmds Info: \pdf@ifprimitive is available.
Package pdftexcmds Info: \pdfdraftmode not found.
) (/usr/share/texlive/texmf-dist/tex/generic/kvdefinekeys/kvdefinekeys.sty
Package: kvdefinekeys 2019-12-19 v1.6 Define keys (HO)
) (/usr/share/texlive/texmf-dist/tex/generic/pdfescape/pdfescape.sty
Package: pdfescape 2019/12/09 v1.15 Implements pdfTeX's escape features (HO)
) (/usr/share/texlive/texmf-dist/tex/latex/hycolor/hycolor.sty
Package: hycolor 2020-01-27 v1.10 Color options for hyperref/bookmark (HO)
) (/usr/share/texlive/texmf-dist/tex/latex/letltxmacro/letltxmacro.sty
Package: letltxmacro 2019/12/03 v1.6 Let assignment for LaTeX macros (HO)
) (/usr/share/texlive/texmf-dist/tex/latex/auxhook/auxhook.sty
Package: auxhook 2019-12-17 v1.6 Hooks for auxiliary files (HO)
)
\@linkdim=\dimen259
\Hy@linkcounter=\count321
\Hy@pagecounter=\count322
(/usr/share/texlive/texmf-dist/tex/latex/hyperref/pd1enc.def
File: pd1enc.def 2021-06-07 v7.00m Hyperref: PDFDocEncoding definition (HO)
) (/usr/share/texlive/texmf-dist/tex/latex/hyperref/hyperref-langpatches.def
File: hyperref-langpatches.def 2021-06-07 v7.00m Hyperref: patches for babel la
nguages
) (/usr/share/texlive/texmf-dist/tex/generic/intcalc/intcalc.sty
Package: intcalc 2019/12/15 v1.3 Expandable calculations with integers (HO)
) (/usr/share/texlive/texmf-dist/tex/generic/etexcmds/etexcmds.sty
Package: etexcmds 2019/12/15 v1.7 Avoid name clashes with e-TeX commands (HO)
)
\Hy@SavedSpaceFactor=\count323
(/usr/share/texlive/texmf-dist/tex/latex/hyperref/puenc.def
File: puenc.def 2021-06-07 v7.00m Hyperref: PDF Unicode definition (HO)
)
Package hyperref Info: Option `unicode' set `true' on input line 4073.
Package hyperref Info: Hyper figures OFF on input line 4192.
Package hyperref Info: Link nesting OFF on input line 4197.
Package hyperref Info: Hyper index ON on input line 4200.
Package hyperref Info: Plain pages OFF on input line 4207.
Package hyperref Info: Backreferencing OFF on input line 4212.
Package hyperref Info: Implicit mode ON; LaTeX internals redefined.
Package hyperref Info: Bookmarks ON on input line 4445.
\c@Hy@tempcnt=\count324
(/usr/share/texlive/texmf-dist/tex/latex/url/url.sty
\Urlmuskip=\muskip18
Package: url 2013/09/16  ver 3.4  Verb mode for urls, etc.
)
LaTeX Info: Redefining \url on input line 4804.
\XeTeXLinkMargin=\dimen260
(/usr/share/texlive/texmf-dist/tex/generic/bitset/bitset.sty
Package: bitset 2019/12/09 v1.3 Handle bit-vector datatype (HO)
(/usr/share/texlive/texmf-dist/tex/generic/bigintcalc/bigintcalc.sty
Package: bigintcalc 2019/12/15 v1.5 Expandable calculations on big integers (HO
)
))
\Fld@menulength=\count325
\Field@Width=\dimen261
\Fld@charsize=\dimen262
Package hyperref Info: Hyper figures OFF on input line 6076.
Package hyperref Info: Link nesting OFF on input line 6081.
Package hyperref Info: Hyper index ON on input line 6084.
Package hyperref Info: backreferencing OFF on input line 6091.
Package hyperref Info: Link coloring OFF on input line 6096.
Package hyperref Info: Link coloring with OCG OFF on input line 6101.
Package hyperref Info: PDF/A mode OFF on input line 6106.
LaTeX Info: Redefining \ref on input line 6146.
LaTeX Info: Redefining \pageref on input line 6150.
\Hy@abspage=\count326
\c@Item=\count327
\c@Hfootnote=\count328
)
Package hyperref Info: Driver (autodetected): hxetex.
(/usr/share/texlive/texmf-dist/tex/latex/hyperref/hxetex.def
File: hxetex.def 2021-06-07 v7.00m Hyperref driver for XeTeX
(/usr/share/texlive/texmf-dist/tex/generic/stringenc/stringenc.sty
Package: stringenc 2019/11/29 v1.12 Convert strings between diff. encodings (HO
)
)
\pdfm@box=\box76
\c@Hy@AnnotLevel=\count329
\HyField@AnnotCount=\count330
\Fld@listcount=\count331
\c@bookmark@seq@number=\count332
(/usr/share/texlive/texmf-dist/tex/latex/rerunfilecheck/rerunfilecheck.sty
Package: rerunfilecheck 2019/12/05 v1.9 Rerun checks for auxiliary files (HO)
(/usr/share/texlive/texmf-dist/tex/latex/base/atveryend-ltx.sty
Package: atveryend-ltx 2020/08/19 v1.0a Emulation of the original atveryend pac
kage
with kernel methods
) (/usr/share/texlive/texmf-dist/tex/generic/uniquecounter/uniquecounter.sty
Package: uniquecounter 2019/12/15 v1.4 Provide unlimited unique counter (HO)
)
Package uniquecounter Info: New unique counter `rerunfilecheck' on input line 2
86.
)
\Hy@SectionHShift=\skip74
) (/usr/share/texlive/texmf-dist/tex/latex/bookmark/bkm-dvipdfm.def
File: bkm-dvipdfm.def 2020-11-06 v1.29 bookmark driver for dvipdfm (HO)
\BKM@id=\count333
)) (/usr/share/texlive/texmf-dist/tex/latex/xurl/xurl.sty
Package: xurl 2022/01/09 v 0.10 modify URL breaks
)
\c@theorem=\count334
\c@lemma=\count335
\c@corollary=\count336
\c@proposition=\count337
\c@conjecture=\count338
\c@definition=\count339
\c@example=\count340
\c@exercise=\count341
\c@hypothesis=\count342
(./Svetunkov---Statistics-for-Business-Analytics.aux

LaTeX Warning: Label `eq:BernoulliPMF' multiply defined.


LaTeX Warning: Label `eq:BernoulliPMF' multiply defined.


LaTeX Warning: Label `eq:BernoulliPMF' multiply defined.


LaTeX Warning: Label `eq:BernoulliCDF' multiply defined.


LaTeX Warning: Label `eq:measuresAssociationKendallTaub' multiply defined.


LaTeX Warning: Label `eq:MLRcovarianceMatrix' multiply defined.

)
\openout1 = `Svetunkov---Statistics-for-Business-Analytics.aux'.

LaTeX Font Info:    Checking defaults for OML/cmm/m/it on input line 163.
LaTeX Font Info:    ... okay on input line 163.
LaTeX Font Info:    Checking defaults for OMS/cmsy/m/n on input line 163.
LaTeX Font Info:    ... okay on input line 163.
LaTeX Font Info:    Checking defaults for OT1/cmr/m/n on input line 163.
LaTeX Font Info:    ... okay on input line 163.
LaTeX Font Info:    Checking defaults for T1/cmr/m/n on input line 163.
LaTeX Font Info:    ... okay on input line 163.
LaTeX Font Info:    Checking defaults for TS1/cmr/m/n on input line 163.
LaTeX Font Info:    ... okay on input line 163.
LaTeX Font Info:    Checking defaults for TU/lmr/m/n on input line 163.
LaTeX Font Info:    ... okay on input line 163.
LaTeX Font Info:    Checking defaults for OMX/cmex/m/n on input line 163.
LaTeX Font Info:    ... okay on input line 163.
LaTeX Font Info:    Checking defaults for U/cmr/m/n on input line 163.
LaTeX Font Info:    ... okay on input line 163.
LaTeX Font Info:    Checking defaults for PD1/pdf/m/n on input line 163.
LaTeX Font Info:    ... okay on input line 163.
LaTeX Font Info:    Checking defaults for PU/pdf/m/n on input line 163.
LaTeX Font Info:    ... okay on input line 163.
LaTeX Font Info:    Overwriting math alphabet `\mathrm' in version `normal'
(Font)                  OT1/lmr/m/n --> TU/lmr/m/n on input line 163.
LaTeX Font Info:    Overwriting math alphabet `\mathit' in version `normal'
(Font)                  OT1/lmr/m/it --> TU/lmr/m/it on input line 163.
LaTeX Font Info:    Overwriting math alphabet `\mathbf' in version `normal'
(Font)                  OT1/lmr/bx/n --> TU/lmr/bx/n on input line 163.
LaTeX Font Info:    Overwriting math alphabet `\mathsf' in version `normal'
(Font)                  OT1/lmss/m/n --> TU/lmss/m/n on input line 163.
LaTeX Font Info:    Overwriting math alphabet `\mathsf' in version `bold'
(Font)                  OT1/lmss/bx/n --> TU/lmss/bx/n on input line 163.
LaTeX Font Info:    Overwriting math alphabet `\mathtt' in version `normal'
(Font)                  OT1/lmtt/m/n --> TU/lmtt/m/n on input line 163.
LaTeX Font Info:    Overwriting math alphabet `\mathtt' in version `bold'
(Font)                  OT1/lmtt/m/n --> TU/lmtt/bx/n on input line 163.

Package fontspec Info: latinmodern-math scale = 0.9999964596882403.


Package fontspec Info: latinmodern-math scale = 0.9999964596882403.


Package fontspec Info: latinmodern-math scale = 0.9999964596882403.


Package fontspec Info: Font family 'latinmodern-math.otf(0)' created for font
(fontspec)             'latinmodern-math.otf' with options
(fontspec)             [Scale=MatchLowercase,BoldItalicFont={},ItalicFont={},Sm
allCapsFont={},Script=Math,BoldFont={latinmodern-math.otf}].
(fontspec)              
(fontspec)              This font family consists of the following NFSS
(fontspec)             series/shapes:
(fontspec)              
(fontspec)             - 'normal' (m/n) with NFSS spec.:
(fontspec)             <->s*[0.9999964596882403]"[latinmodern-math.otf]/OT:scri
pt=math;language=dflt;"
(fontspec)             - 'small caps'  (m/sc) with NFSS spec.: 
(fontspec)             - 'bold' (b/n) with NFSS spec.:
(fontspec)             <->s*[0.9999964596882403]"[latinmodern-math.otf]/OT:scri
pt=math;language=dflt;"
(fontspec)             - 'bold small caps'  (b/sc) with NFSS spec.: 

LaTeX Font Info:    Font shape `TU/latinmodern-math.otf(0)/m/n' will be
(Font)              scaled to size 10.0pt on input line 163.

Package fontspec Info: latinmodern-math scale = 0.9999964596882403.


Package fontspec Info: latinmodern-math scale = 0.9999964596882403.


Package fontspec Info: latinmodern-math scale = 0.9999964596882403.


Package fontspec Info: latinmodern-math scale = 0.9999964596882403.


Package fontspec Info: latinmodern-math scale = 0.9999964596882403.


Package fontspec Info: Font family 'latinmodern-math.otf(1)' created for font
(fontspec)             'latinmodern-math.otf' with options
(fontspec)             [Scale=MatchLowercase,BoldItalicFont={},ItalicFont={},Sm
allCapsFont={},Script=Math,SizeFeatures={{Size=8.5-},{Size=6-8.5,Font=latinmode
rn-math.otf,Style=MathScript},{Size=-6,Font=latinmodern-math.otf,Style=MathScri
ptScript}},BoldFont={latinmodern-math.otf}].
(fontspec)              
(fontspec)              This font family consists of the following NFSS
(fontspec)             series/shapes:
(fontspec)              
(fontspec)             - 'normal' (m/n) with NFSS spec.:
(fontspec)             <8.5->s*[0.9999964596882403]"[latinmodern-math.otf]/OT:s
cript=math;language=dflt;"<6-8.5>s*[0.9999964596882403]"[latinmodern-math.otf]/
OT:script=math;language=dflt;+ssty=0;"<-6>s*[0.9999964596882403]"[latinmodern-m
ath.otf]/OT:script=math;language=dflt;+ssty=1;"
(fontspec)             - 'small caps'  (m/sc) with NFSS spec.: 
(fontspec)             - 'bold' (b/n) with NFSS spec.:
(fontspec)             <->s*[0.9999964596882403]"[latinmodern-math.otf]/OT:scri
pt=math;language=dflt;"
(fontspec)             - 'bold small caps'  (b/sc) with NFSS spec.: 

LaTeX Font Info:    Font shape `TU/latinmodern-math.otf(1)/m/n' will be
(Font)              scaled to size 10.0pt on input line 163.
LaTeX Font Info:    Encoding `OT1' has changed to `TU' for symbol font
(Font)              `operators' in the math version `normal' on input line 163.

LaTeX Font Info:    Overwriting symbol font `operators' in version `normal'
(Font)                  OT1/lmr/m/n --> TU/latinmodern-math.otf(1)/m/n on input
 line 163.
LaTeX Font Info:    Encoding `OT1' has changed to `TU' for symbol font
(Font)              `operators' in the math version `bold' on input line 163.
LaTeX Font Info:    Overwriting symbol font `operators' in version `bold'
(Font)                  OT1/lmr/bx/n --> TU/latinmodern-math.otf(1)/b/n on inpu
t line 163.

Package fontspec Info: latinmodern-math scale = 0.9999964596882403.


Package fontspec Info: latinmodern-math scale = 1.000096459334209.


Package fontspec Info: latinmodern-math scale = 0.9999964596882403.


Package fontspec Info: latinmodern-math scale = 1.000096459334209.


Package fontspec Info: latinmodern-math scale = 0.9999964596882403.


Package fontspec Info: latinmodern-math scale = 1.000096459334209.


Package fontspec Info: latinmodern-math scale = 0.9999964596882403.


Package fontspec Info: latinmodern-math scale = 1.000096459334209.


Package fontspec Info: latinmodern-math scale = 0.9999964596882403.


Package fontspec Info: latinmodern-math scale = 1.000096459334209.


Package fontspec Info: Font family 'latinmodern-math.otf(2)' created for font
(fontspec)             'latinmodern-math.otf' with options
(fontspec)             [Scale=MatchLowercase,BoldItalicFont={},ItalicFont={},Sm
allCapsFont={},Script=Math,SizeFeatures={{Size=8.5-},{Size=6-8.5,Font=latinmode
rn-math.otf,Style=MathScript},{Size=-6,Font=latinmodern-math.otf,Style=MathScri
ptScript}},BoldFont={latinmodern-math.otf},ScaleAgain=1.0001,FontAdjustment={\f
ontdimen
(fontspec)             8\font =6.77pt\relax \fontdimen 9\font =3.94pt\relax
(fontspec)             \fontdimen 10\font =4.44pt\relax \fontdimen 11\font
(fontspec)             =6.86pt\relax \fontdimen 12\font =3.45pt\relax
(fontspec)             \fontdimen 13\font =3.63pt\relax \fontdimen 14\font
(fontspec)             =3.63pt\relax \fontdimen 15\font =2.89pt\relax
(fontspec)             \fontdimen 16\font =2.47pt\relax \fontdimen 17\font
(fontspec)             =2.47pt\relax \fontdimen 18\font =2.5pt\relax
(fontspec)             \fontdimen 19\font =2.0pt\relax \fontdimen 22\font
(fontspec)             =2.5pt\relax \fontdimen 20\font =0pt\relax \fontdimen
(fontspec)             21\font =0pt\relax }].
(fontspec)              
(fontspec)              This font family consists of the following NFSS
(fontspec)             series/shapes:
(fontspec)              
(fontspec)             - 'normal' (m/n) with NFSS spec.:
(fontspec)             <8.5->s*[1.000096459334209]"[latinmodern-math.otf]/OT:sc
ript=math;language=dflt;"<6-8.5>s*[1.000096459334209]"[latinmodern-math.otf]/OT
:script=math;language=dflt;+ssty=0;"<-6>s*[1.000096459334209]"[latinmodern-math
.otf]/OT:script=math;language=dflt;+ssty=1;"
(fontspec)             - 'small caps'  (m/sc) with NFSS spec.: 
(fontspec)             and font adjustment code:
(fontspec)             \fontdimen 8\font =6.77pt\relax \fontdimen 9\font
(fontspec)             =3.94pt\relax \fontdimen 10\font =4.44pt\relax
(fontspec)             \fontdimen 11\font =6.86pt\relax \fontdimen 12\font
(fontspec)             =3.45pt\relax \fontdimen 13\font =3.63pt\relax
(fontspec)             \fontdimen 14\font =3.63pt\relax \fontdimen 15\font
(fontspec)             =2.89pt\relax \fontdimen 16\font =2.47pt\relax
(fontspec)             \fontdimen 17\font =2.47pt\relax \fontdimen 18\font
(fontspec)             =2.5pt\relax \fontdimen 19\font =2.0pt\relax \fontdimen
(fontspec)             22\font =2.5pt\relax \fontdimen 20\font =0pt\relax
(fontspec)             \fontdimen 21\font =0pt\relax 
(fontspec)             - 'bold' (b/n) with NFSS spec.:
(fontspec)             <->s*[1.000096459334209]"[latinmodern-math.otf]/OT:scrip
t=math;language=dflt;"
(fontspec)             - 'bold small caps'  (b/sc) with NFSS spec.: 
(fontspec)             and font adjustment code:
(fontspec)             \fontdimen 8\font =6.77pt\relax \fontdimen 9\font
(fontspec)             =3.94pt\relax \fontdimen 10\font =4.44pt\relax
(fontspec)             \fontdimen 11\font =6.86pt\relax \fontdimen 12\font
(fontspec)             =3.45pt\relax \fontdimen 13\font =3.63pt\relax
(fontspec)             \fontdimen 14\font =3.63pt\relax \fontdimen 15\font
(fontspec)             =2.89pt\relax \fontdimen 16\font =2.47pt\relax
(fontspec)             \fontdimen 17\font =2.47pt\relax \fontdimen 18\font
(fontspec)             =2.5pt\relax \fontdimen 19\font =2.0pt\relax \fontdimen
(fontspec)             22\font =2.5pt\relax \fontdimen 20\font =0pt\relax
(fontspec)             \fontdimen 21\font =0pt\relax 

LaTeX Font Info:    Encoding `OMS' has changed to `TU' for symbol font
(Font)              `symbols' in the math version `normal' on input line 163.
LaTeX Font Info:    Overwriting symbol font `symbols' in version `normal'
(Font)                  OMS/lmsy/m/n --> TU/latinmodern-math.otf(2)/m/n on inpu
t line 163.
LaTeX Font Info:    Encoding `OMS' has changed to `TU' for symbol font
(Font)              `symbols' in the math version `bold' on input line 163.
LaTeX Font Info:    Overwriting symbol font `symbols' in version `bold'
(Font)                  OMS/lmsy/b/n --> TU/latinmodern-math.otf(2)/b/n on inpu
t line 163.

Package fontspec Info: latinmodern-math scale = 0.9999964596882403.


Package fontspec Info: latinmodern-math scale = 0.9998964600422715.


Package fontspec Info: latinmodern-math scale = 0.9999964596882403.


Package fontspec Info: latinmodern-math scale = 0.9998964600422715.


Package fontspec Info: latinmodern-math scale = 0.9999964596882403.


Package fontspec Info: latinmodern-math scale = 0.9998964600422715.


Package fontspec Info: latinmodern-math scale = 0.9999964596882403.


Package fontspec Info: latinmodern-math scale = 0.9998964600422715.


Package fontspec Info: latinmodern-math scale = 0.9999964596882403.


Package fontspec Info: latinmodern-math scale = 0.9998964600422715.


Package fontspec Info: Font family 'latinmodern-math.otf(3)' created for font
(fontspec)             'latinmodern-math.otf' with options
(fontspec)             [Scale=MatchLowercase,BoldItalicFont={},ItalicFont={},Sm
allCapsFont={},Script=Math,SizeFeatures={{Size=8.5-},{Size=6-8.5,Font=latinmode
rn-math.otf,Style=MathScript},{Size=-6,Font=latinmodern-math.otf,Style=MathScri
ptScript}},BoldFont={latinmodern-math.otf},ScaleAgain=0.9999,FontAdjustment={\f
ontdimen
(fontspec)             8\font =0.4pt\relax \fontdimen 9\font =2.0pt\relax
(fontspec)             \fontdimen 10\font =1.67pt\relax \fontdimen 11\font
(fontspec)             =1.11pt\relax \fontdimen 12\font =6.0pt\relax
(fontspec)             \fontdimen 13\font =0pt\relax }].
(fontspec)              
(fontspec)              This font family consists of the following NFSS
(fontspec)             series/shapes:
(fontspec)              
(fontspec)             - 'normal' (m/n) with NFSS spec.:
(fontspec)             <8.5->s*[0.9998964600422715]"[latinmodern-math.otf]/OT:s
cript=math;language=dflt;"<6-8.5>s*[0.9998964600422715]"[latinmodern-math.otf]/
OT:script=math;language=dflt;+ssty=0;"<-6>s*[0.9998964600422715]"[latinmodern-m
ath.otf]/OT:script=math;language=dflt;+ssty=1;"
(fontspec)             - 'small caps'  (m/sc) with NFSS spec.: 
(fontspec)             and font adjustment code:
(fontspec)             \fontdimen 8\font =0.4pt\relax \fontdimen 9\font
(fontspec)             =2.0pt\relax \fontdimen 10\font =1.67pt\relax
(fontspec)             \fontdimen 11\font =1.11pt\relax \fontdimen 12\font
(fontspec)             =6.0pt\relax \fontdimen 13\font =0pt\relax 
(fontspec)             - 'bold' (b/n) with NFSS spec.:
(fontspec)             <->s*[0.9998964600422715]"[latinmodern-math.otf]/OT:scri
pt=math;language=dflt;"
(fontspec)             - 'bold small caps'  (b/sc) with NFSS spec.: 
(fontspec)             and font adjustment code:
(fontspec)             \fontdimen 8\font =0.4pt\relax \fontdimen 9\font
(fontspec)             =2.0pt\relax \fontdimen 10\font =1.67pt\relax
(fontspec)             \fontdimen 11\font =1.11pt\relax \fontdimen 12\font
(fontspec)             =6.0pt\relax \fontdimen 13\font =0pt\relax 

LaTeX Font Info:    Encoding `OMX' has changed to `TU' for symbol font
(Font)              `largesymbols' in the math version `normal' on input line 1
63.
LaTeX Font Info:    Overwriting symbol font `largesymbols' in version `normal'
(Font)                  OMX/lmex/m/n --> TU/latinmodern-math.otf(3)/m/n on inpu
t line 163.
LaTeX Font Info:    Encoding `OMX' has changed to `TU' for symbol font
(Font)              `largesymbols' in the math version `bold' on input line 163
.
LaTeX Font Info:    Overwriting symbol font `largesymbols' in version `bold'
(Font)                  OMX/lmex/m/n --> TU/latinmodern-math.otf(3)/b/n on inpu
t line 163.

Package unicode-math Warning: Using \overbracket and \underbracket from
(unicode-math)                `mathtools' package.
(unicode-math)                 
(unicode-math)                 Use \Uoverbracket and \Uunderbracket for
(unicode-math)                original `unicode-math' definition.


Package unicode-math Warning: I'm going to overwrite the following commands
(unicode-math)                from the `mathtools' package: 
(unicode-math)                 
(unicode-math)                     \dblcolon, \coloneqq, \Coloneqq, \eqqcolon.
(unicode-math)                
(unicode-math)                 
(unicode-math)                 Note that since I won't overwrite the other
(unicode-math)                colon-like commands, using them will lead to
(unicode-math)                inconsistencies.

LaTeX Info: Redefining \microtypecontext on input line 163.
Package microtype Info: Applying patch `item' on input line 163.
Package microtype Info: Applying patch `toc' on input line 163.
Package microtype Info: Applying patch `eqnum' on input line 163.
Package microtype Info: Applying patch `footnote' on input line 163.
Package microtype Info: Character protrusion enabled (level 2).
Package microtype Info: Using protrusion set `basicmath'.
Package microtype Info: No adjustment of tracking.
Package microtype Info: No adjustment of spacing.
Package microtype Info: No adjustment of kerning.
(/usr/share/texlive/texmf-dist/tex/latex/microtype/mt-LatinModernRoman.cfg
File: mt-LatinModernRoman.cfg 2021/02/21 v1.1 microtype config. file: Latin Mod
ern Roman (RS)
)
Package hyperref Info: Link coloring OFF on input line 163.
(/usr/share/texlive/texmf-dist/tex/latex/hyperref/nameref.sty
Package: nameref 2021-04-02 v2.47 Cross-referencing by name of section
(/usr/share/texlive/texmf-dist/tex/latex/refcount/refcount.sty
Package: refcount 2019/12/15 v3.6 Data extraction from label references (HO)
) (/usr/share/texlive/texmf-dist/tex/generic/gettitlestring/gettitlestring.sty
Package: gettitlestring 2019/12/15 v1.6 Cleanup title references (HO)
)
\c@section@level=\count343
)
LaTeX Info: Redefining \ref on input line 163.
LaTeX Info: Redefining \pageref on input line 163.
LaTeX Info: Redefining \nameref on input line 163.
LaTeX Font Info:    Font shape `TU/latinmodern-math.otf(1)/m/n' will be
(Font)              scaled to size 12.0pt on input line 165.
LaTeX Font Info:    Font shape `TU/latinmodern-math.otf(1)/m/n' will be
(Font)              scaled to size 8.0pt on input line 165.
LaTeX Font Info:    Font shape `TU/latinmodern-math.otf(1)/m/n' will be
(Font)              scaled to size 6.0pt on input line 165.
LaTeX Font Info:    Trying to load font information for OML+lmm on input line 1
65.
(/usr/share/texmf/tex/latex/lm/omllmm.fd
File: omllmm.fd 2009/10/30 v1.6 Font defs for Latin Modern
)
LaTeX Font Info:    Font shape `TU/latinmodern-math.otf(2)/m/n' will be
(Font)              scaled to size 12.0011pt on input line 165.
LaTeX Font Info:    Font shape `TU/latinmodern-math.otf(2)/m/n' will be
(Font)              scaled to size 8.00073pt on input line 165.
LaTeX Font Info:    Font shape `TU/latinmodern-math.otf(2)/m/n' will be
(Font)              scaled to size 6.00055pt on input line 165.
LaTeX Font Info:    Font shape `TU/latinmodern-math.otf(3)/m/n' will be
(Font)              scaled to size 11.99872pt on input line 165.
LaTeX Font Info:    Font shape `TU/latinmodern-math.otf(3)/m/n' will be
(Font)              scaled to size 7.99915pt on input line 165.
LaTeX Font Info:    Font shape `TU/latinmodern-math.otf(3)/m/n' will be
(Font)              scaled to size 5.99936pt on input line 165.
LaTeX Font Info:    Trying to load font information for U+msa on input line 165
.
(/usr/share/texlive/texmf-dist/tex/latex/amsfonts/umsa.fd
File: umsa.fd 2013/01/14 v3.01 AMS symbols A
) (/usr/share/texlive/texmf-dist/tex/latex/microtype/mt-msa.cfg
File: mt-msa.cfg 2006/02/04 v1.1 microtype config. file: AMS symbols (a) (RS)
)
LaTeX Font Info:    Trying to load font information for U+msb on input line 165
.
(/usr/share/texlive/texmf-dist/tex/latex/amsfonts/umsb.fd
File: umsb.fd 2013/01/14 v3.01 AMS symbols B
) (/usr/share/texlive/texmf-dist/tex/latex/microtype/mt-msb.cfg
File: mt-msb.cfg 2005/06/01 v1.0 microtype config. file: AMS symbols (b) (RS)
) [1


] [2

] (./Svetunkov---Statistics-for-Business-Analytics.toc
LaTeX Font Info:    Font shape `TU/latinmodern-math.otf(1)/m/n' will be
(Font)              scaled to size 7.0pt on input line 4.
LaTeX Font Info:    Font shape `TU/latinmodern-math.otf(1)/m/n' will be
(Font)              scaled to size 5.0pt on input line 4.
LaTeX Font Info:    Font shape `TU/latinmodern-math.otf(2)/m/n' will be
(Font)              scaled to size 10.00092pt on input line 4.
LaTeX Font Info:    Font shape `TU/latinmodern-math.otf(2)/m/n' will be
(Font)              scaled to size 7.00064pt on input line 4.
LaTeX Font Info:    Font shape `TU/latinmodern-math.otf(2)/m/n' will be
(Font)              scaled to size 5.00046pt on input line 4.
LaTeX Font Info:    Font shape `TU/latinmodern-math.otf(3)/m/n' will be
(Font)              scaled to size 9.99893pt on input line 4.
LaTeX Font Info:    Font shape `TU/latinmodern-math.otf(3)/m/n' will be
(Font)              scaled to size 6.99925pt on input line 4.
LaTeX Font Info:    Font shape `TU/latinmodern-math.otf(3)/m/n' will be
(Font)              scaled to size 4.99947pt on input line 4.
[3] [4])
\tf@toc=\write4
\openout4 = `Svetunkov---Statistics-for-Business-Analytics.toc'.

[5] [6

]
File: images/sba.png Graphic file (type bmp)
<images/sba.png>
[7]
LaTeX Font Info:    Font shape `TU/lmtt/bx/n' in size <10> not available
(Font)              Font shape `TU/lmtt/b/n' tried instead on input line 186.
[8] [9] [10

]
Chapter 1.
[11]
File: images/chairAssembly.jpg Graphic file (type bmp)
<images/chairAssembly.jpg>
[12] [13] [14] [15] [16] [17] [18] [19] [20] [21] [22]
Chapter 2.
[23

] [24] [25] [26]
Chapter 3.
File: Svetunkov---Statistics-for-Business-Analytics_files/figure-latex/distribu
tionDice12-1.pdf Graphic file (type pdf)
<use Svetunkov---Statistics-for-Business-Analytics_files/figure-latex/distribut
ionDice12-1.pdf>
[27

]
File: Svetunkov---Statistics-for-Business-Analytics_files/figure-latex/distribu
tionDice12CDF-1.pdf Graphic file (type pdf)
<use Svetunkov---Statistics-for-Business-Analytics_files/figure-latex/distribut
ionDice12CDF-1.pdf>
[28]

LaTeX Warning: Reference `eq:Bernoulli' on page 29 undefined on input line 709.


File: Svetunkov---Statistics-for-Business-Analytics_files/figure-latex/bernoull
iPMF-1.pdf Graphic file (type pdf)
<use Svetunkov---Statistics-for-Business-Analytics_files/figure-latex/bernoulli
PMF-1.pdf>
File: Svetunkov---Statistics-for-Business-Analytics_files/figure-latex/bernoull
iCDF-1.pdf Graphic file (type pdf)
<use Svetunkov---Statistics-for-Business-Analytics_files/figure-latex/bernoulli
CDF-1.pdf>
[29] [30]
File: Svetunkov---Statistics-for-Business-Analytics_files/figure-latex/binomial
PMF05-1.pdf Graphic file (type pdf)
<use Svetunkov---Statistics-for-Business-Analytics_files/figure-latex/binomialP
MF05-1.pdf>
[31] [32]
Overfull \hbox (12.0pt too wide) in paragraph at lines 822--822
[]\TU/lmtt/m/n/10 ##     0     1     2     3     4     5     6     7     8     
9    10[] 
 []


Overfull \hbox (12.0pt too wide) in paragraph at lines 822--822
[]\TU/lmtt/m/n/10 ## 0.001 0.010 0.044 0.117 0.205 0.246 0.205 0.117 0.044 0.01
0 0.001[] 
 []

File: Svetunkov---Statistics-for-Business-Analytics_files/figure-latex/binomial
PMF01-1.pdf Graphic file (type pdf)
<use Svetunkov---Statistics-for-Business-Analytics_files/figure-latex/binomialP
MF01-1.pdf>
[33]
File: Svetunkov---Statistics-for-Business-Analytics_files/figure-latex/binomial
CDF01-1.pdf Graphic file (type pdf)
<use Svetunkov---Statistics-for-Business-Analytics_files/figure-latex/binomialC
DF01-1.pdf>
[34] [35]
File: Svetunkov---Statistics-for-Business-Analytics_files/figure-latex/poissonP
MF-1.pdf Graphic file (type pdf)
<use Svetunkov---Statistics-for-Business-Analytics_files/figure-latex/poissonPM
F-1.pdf>
[36] [37] [38]
File: Svetunkov---Statistics-for-Business-Analytics_files/figure-latex/uniformP
MF-1.pdf Graphic file (type pdf)
<use Svetunkov---Statistics-for-Business-Analytics_files/figure-latex/uniformPM
F-1.pdf>
File: Svetunkov---Statistics-for-Business-Analytics_files/figure-latex/uniformC
DF-1.pdf Graphic file (type pdf)
<use Svetunkov---Statistics-for-Business-Analytics_files/figure-latex/uniformCD
F-1.pdf>
[39] [40] [41] [42

]
Chapter 4.
File: Svetunkov---Statistics-for-Business-Analytics_files/figure-latex/distribu
tionContinuousExample-1.pdf Graphic file (type pdf)
<use Svetunkov---Statistics-for-Business-Analytics_files/figure-latex/distribut
ionContinuousExample-1.pdf>
[43]
File: Svetunkov---Statistics-for-Business-Analytics_files/figure-latex/dnormPlo
tIntro-1.pdf Graphic file (type pdf)
<use Svetunkov---Statistics-for-Business-Analytics_files/figure-latex/dnormPlot
Intro-1.pdf>
File: Svetunkov---Statistics-for-Business-Analytics_files/figure-latex/dnormPlo
tIntroCDF-1.pdf Graphic file (type pdf)
<use Svetunkov---Statistics-for-Business-Analytics_files/figure-latex/dnormPlot
IntroCDF-1.pdf>
File: Svetunkov---Statistics-for-Business-Analytics_files/figure-latex/dnormPlo
tIntroCDFPDF-1.pdf Graphic file (type pdf)
<use Svetunkov---Statistics-for-Business-Analytics_files/figure-latex/dnormPlot
IntroCDFPDF-1.pdf>
File: Svetunkov---Statistics-for-Business-Analytics_files/figure-latex/dnormPlo
tIntroQF-1.pdf Graphic file (type pdf)
<use Svetunkov---Statistics-for-Business-Analytics_files/figure-latex/dnormPlot
IntroQF-1.pdf>
[44] [45]
Underfull \vbox (badness 7344) has occurred while \output is active []

[46]
File: Svetunkov---Statistics-for-Business-Analytics_files/figure-latex/uniformP
DF-1.pdf Graphic file (type pdf)
<use Svetunkov---Statistics-for-Business-Analytics_files/figure-latex/uniformPD
F-1.pdf>
File: Svetunkov---Statistics-for-Business-Analytics_files/figure-latex/uniformC
DFContinuous-1.pdf Graphic file (type pdf)
<use Svetunkov---Statistics-for-Business-Analytics_files/figure-latex/uniformCD
FContinuous-1.pdf>
[47] [48]
File: Svetunkov---Statistics-for-Business-Analytics_files/figure-latex/binomial
PMFSeveral-1.pdf Graphic file (type pdf)
<use Svetunkov---Statistics-for-Business-Analytics_files/figure-latex/binomialP
MFSeveral-1.pdf>
[49]
File: Svetunkov---Statistics-for-Business-Analytics_files/figure-latex/dnormPlo
t-1.pdf Graphic file (type pdf)
<use Svetunkov---Statistics-for-Business-Analytics_files/figure-latex/dnormPlot
-1.pdf>
File: Svetunkov---Statistics-for-Business-Analytics_files/figure-latex/pnormPlo
t-1.pdf Graphic file (type pdf)
<use Svetunkov---Statistics-for-Business-Analytics_files/figure-latex/pnormPlot
-1.pdf>
[50]
Overfull \hbox (5.91655pt too wide) detected at line 1246
[][][][][][][][] [][][] [][][] [] [][][][][] [][][] [][][] [] [][][][][] [][][]
 [][][][] [] [][][][][] [][][] [][][][] [] [][][][][] [] [][][] [] [][][][][][]

 []

Missing character: There is no 𝜋 (U+1D70B) in font [lmroman7-regular]:mapping=t
ex-text;!
File: Svetunkov---Statistics-for-Business-Analytics_files/figure-latex/pnormExa
mple-1.pdf Graphic file (type pdf)
<use Svetunkov---Statistics-for-Business-Analytics_files/figure-latex/pnormExam
ple-1.pdf>
File: Svetunkov---Statistics-for-Business-Analytics_files/figure-latex/dnormExa
mple-1.pdf Graphic file (type pdf)
<use Svetunkov---Statistics-for-Business-Analytics_files/figure-latex/dnormExam
ple-1.pdf>
[51] [52]
File: Svetunkov---Statistics-for-Business-Analytics_files/figure-latex/binomial
NormalApprox-1.pdf Graphic file (type pdf)
<use Svetunkov---Statistics-for-Business-Analytics_files/figure-latex/binomialN
ormalApprox-1.pdf>
[53]
File: Svetunkov---Statistics-for-Business-Analytics_files/figure-latex/binomial
NormalApproxArea-1.pdf Graphic file (type pdf)
<use Svetunkov---Statistics-for-Business-Analytics_files/figure-latex/binomialN
ormalApproxArea-1.pdf>
File: Svetunkov---Statistics-for-Business-Analytics_files/figure-latex/normalLo
gConnection-1.pdf Graphic file (type pdf)
<use Svetunkov---Statistics-for-Business-Analytics_files/figure-latex/normalLog
Connection-1.pdf>
[54] [55]
File: Svetunkov---Statistics-for-Business-Analytics_files/figure-latex/dlnormPl
ot-1.pdf Graphic file (type pdf)
<use Svetunkov---Statistics-for-Business-Analytics_files/figure-latex/dlnormPlo
t-1.pdf>
[56]
File: Svetunkov---Statistics-for-Business-Analytics_files/figure-latex/dexpPlot
-1.pdf Graphic file (type pdf)
<use Svetunkov---Statistics-for-Business-Analytics_files/figure-latex/dexpPlot-
1.pdf>
File: Svetunkov---Statistics-for-Business-Analytics_files/figure-latex/pexpPlot
-1.pdf Graphic file (type pdf)
<use Svetunkov---Statistics-for-Business-Analytics_files/figure-latex/pexpPlot-
1.pdf>
[57]
File: Svetunkov---Statistics-for-Business-Analytics_files/figure-latex/pexpPlot
Memory-1.pdf Graphic file (type pdf)
<use Svetunkov---Statistics-for-Business-Analytics_files/figure-latex/pexpPlotM
emory-1.pdf>
[58] [59] [60

]
Chapter 5.
[61] [62] [63] [64]
Overfull \hbox (54.0pt too wide) in paragraph at lines 1720--1720
[]\TU/lmtt/m/n/10 ##       drat             wt             qsec              vs
             am[] 
 []


Overfull \hbox (64.5pt too wide) in paragraph at lines 1720--1720
[]\TU/lmtt/m/n/10 ##  Min.   :2.760   Min.   :1.513   Min.   :14.50   V-shaped:
18   automatic:19[] 
 []


Overfull \hbox (64.5pt too wide) in paragraph at lines 1720--1720
[]\TU/lmtt/m/n/10 ##  1st Qu.:3.080   1st Qu.:2.581   1st Qu.:16.89   Straight:
14   manual   :13[] 
 []

File: Svetunkov---Statistics-for-Business-Analytics_files/figure-latex/barplotV
S-1.pdf Graphic file (type pdf)
<use Svetunkov---Statistics-for-Business-Analytics_files/figure-latex/barplotVS
-1.pdf>
[65]
File: Svetunkov---Statistics-for-Business-Analytics_files/figure-latex/barplotC
YL-1.pdf Graphic file (type pdf)
<use Svetunkov---Statistics-for-Business-Analytics_files/figure-latex/barplotCY
L-1.pdf>
File: Svetunkov---Statistics-for-Business-Analytics_files/figure-latex/histogra
mCYL-1.pdf Graphic file (type pdf)
<use Svetunkov---Statistics-for-Business-Analytics_files/figure-latex/histogram
CYL-1.pdf>
[66] [67]
File: Svetunkov---Statistics-for-Business-Analytics_files/figure-latex/barplotV
SAM-1.pdf Graphic file (type pdf)
<use Svetunkov---Statistics-for-Business-Analytics_files/figure-latex/barplotVS
AM-1.pdf>
File: Svetunkov---Statistics-for-Business-Analytics_files/figure-latex/tableplo
tVSAM-1.pdf Graphic file (type pdf)
<use Svetunkov---Statistics-for-Business-Analytics_files/figure-latex/tableplot
VSAM-1.pdf>
[68]
File: Svetunkov---Statistics-for-Business-Analytics_files/figure-latex/tableplo
tCYLVS-1.pdf Graphic file (type pdf)
<use Svetunkov---Statistics-for-Business-Analytics_files/figure-latex/tableplot
CYLVS-1.pdf>
File: Svetunkov---Statistics-for-Business-Analytics_files/figure-latex/histWeig
ht-1.pdf Graphic file (type pdf)
<use Svetunkov---Statistics-for-Business-Analytics_files/figure-latex/histWeigh
t-1.pdf>
[69] [70]
File: Svetunkov---Statistics-for-Business-Analytics_files/figure-latex/boxWeigh
t-1.pdf Graphic file (type pdf)
<use Svetunkov---Statistics-for-Business-Analytics_files/figure-latex/boxWeight
-1.pdf>

LaTeX Warning: Reference `confidenceIntervals' on page 71 undefined on input li
ne 1865.

[71]
File: Svetunkov---Statistics-for-Business-Analytics_files/figure-latex/vioWeigh
t-1.pdf Graphic file (type pdf)
<use Svetunkov---Statistics-for-Business-Analytics_files/figure-latex/vioWeight
-1.pdf>
File: Svetunkov---Statistics-for-Business-Analytics_files/figure-latex/QQWeight
-1.pdf Graphic file (type pdf)
<use Svetunkov---Statistics-for-Business-Analytics_files/figure-latex/QQWeight-
1.pdf>
File: Svetunkov---Statistics-for-Business-Analytics_files/figure-latex/scatterW
eightMPG-1.pdf Graphic file (type pdf)
<use Svetunkov---Statistics-for-Business-Analytics_files/figure-latex/scatterWe
ightMPG-1.pdf>
[72] [73]
File: Svetunkov---Statistics-for-Business-Analytics_files/figure-latex/scatterG
earMPG-1.pdf Graphic file (type pdf)
<use Svetunkov---Statistics-for-Business-Analytics_files/figure-latex/scatterGe
arMPG-1.pdf>
File: Svetunkov---Statistics-for-Business-Analytics_files/figure-latex/boxGearM
PG-1.pdf Graphic file (type pdf)
<use Svetunkov---Statistics-for-Business-Analytics_files/figure-latex/boxGearMP
G-1.pdf>
[74]
File: Svetunkov---Statistics-for-Business-Analytics_files/figure-latex/vioAMMPG
-1.pdf Graphic file (type pdf)
<use Svetunkov---Statistics-for-Business-Analytics_files/figure-latex/vioAMMPG-
1.pdf>
[75]
File: Svetunkov---Statistics-for-Business-Analytics_files/figure-latex/scatterM
atrix-1.pdf Graphic file (type pdf)
<use Svetunkov---Statistics-for-Business-Analytics_files/figure-latex/scatterMa
trix-1.pdf>
File: Svetunkov---Statistics-for-Business-Analytics_files/figure-latex/spreadPl
ot-1.pdf Graphic file (type pdf)
<use Svetunkov---Statistics-for-Business-Analytics_files/figure-latex/spreadPlo
t-1.pdf>
[76] [77] [78

]
Chapter 6.
[79]
File: Svetunkov---Statistics-for-Business-Analytics_files/figure-latex/histY30Y
1000-1.pdf Graphic file (type pdf)
<use Svetunkov---Statistics-for-Business-Analytics_files/figure-latex/histY30Y1
000-1.pdf>
File: images/02-statistics-LLN.png Graphic file (type bmp)
<images/02-statistics-LLN.png>
[80] [81]
File: Svetunkov---Statistics-for-Business-Analytics_files/figure-latex/histyMea
n-1.pdf Graphic file (type pdf)
<use Svetunkov---Statistics-for-Business-Analytics_files/figure-latex/histyMean
-1.pdf>
[82] [83]
File: Svetunkov---Statistics-for-Business-Analytics_files/figure-latex/unnamed-
chunk-24-1.pdf Graphic file (type pdf)
<use Svetunkov---Statistics-for-Business-Analytics_files/figure-latex/unnamed-c
hunk-24-1.pdf>
[84] [85]
File: images/02-statistics-efficiency.png Graphic file (type bmp)
<images/02-statistics-efficiency.png>
[86] [87]
File: images/02-statistics-consistency.png Graphic file (type bmp)
<images/02-statistics-consistency.png>
[88] [89]
File: Svetunkov---Statistics-for-Business-Analytics_files/figure-latex/biasVari
anceEstimate-1.pdf Graphic file (type pdf)
<use Svetunkov---Statistics-for-Business-Analytics_files/figure-latex/biasVaria
nceEstimate-1.pdf>
[90]
File: Svetunkov---Statistics-for-Business-Analytics_files/figure-latex/normalCu
rveBasic-1.pdf Graphic file (type pdf)
<use Svetunkov---Statistics-for-Business-Analytics_files/figure-latex/normalCur
veBasic-1.pdf>
[91]
File: Svetunkov---Statistics-for-Business-Analytics_files/figure-latex/normalCu
rveIntervals-1.pdf Graphic file (type pdf)
<use Svetunkov---Statistics-for-Business-Analytics_files/figure-latex/normalCur
veIntervals-1.pdf>
File: Svetunkov---Statistics-for-Business-Analytics_files/figure-latex/normalCu
rveIntervalsShades-1.pdf Graphic file (type pdf)
<use Svetunkov---Statistics-for-Business-Analytics_files/figure-latex/normalCur
veIntervalsShades-1.pdf>
[92] [93]
File: Svetunkov---Statistics-for-Business-Analytics_files/figure-latex/predicti
onInterval-1.pdf Graphic file (type pdf)
<use Svetunkov---Statistics-for-Business-Analytics_files/figure-latex/predictio
nInterval-1.pdf>
[94] [95] [96

]
Chapter 7.
[97]
File: Svetunkov---Statistics-for-Business-Analytics_files/figure-latex/hypothes
isTesting01-1.pdf Graphic file (type pdf)
<use Svetunkov---Statistics-for-Business-Analytics_files/figure-latex/hypothesi
sTesting01-1.pdf>
[98]
File: Svetunkov---Statistics-for-Business-Analytics_files/figure-latex/hypothes
isTesting02-1.pdf Graphic file (type pdf)
<use Svetunkov---Statistics-for-Business-Analytics_files/figure-latex/hypothesi
sTesting02-1.pdf>
[99] [100] [101] [102] [103] [104]
Overfull \hbox (240.22798pt too wide) in paragraph at lines 2700--2715
 [][] 
 []

[105] [106]
File: Svetunkov---Statistics-for-Business-Analytics_files/figure-latex/powerOfT
estVisual01-1.pdf Graphic file (type pdf)
<use Svetunkov---Statistics-for-Business-Analytics_files/figure-latex/powerOfTe
stVisual01-1.pdf>
File: Svetunkov---Statistics-for-Business-Analytics_files/figure-latex/powerOfT
estVisual02-1.pdf Graphic file (type pdf)
<use Svetunkov---Statistics-for-Business-Analytics_files/figure-latex/powerOfTe
stVisual02-1.pdf>
File: Svetunkov---Statistics-for-Business-Analytics_files/figure-latex/powerOfT
estVisual03-1.pdf Graphic file (type pdf)
<use Svetunkov---Statistics-for-Business-Analytics_files/figure-latex/powerOfTe
stVisual03-1.pdf>
File: Svetunkov---Statistics-for-Business-Analytics_files/figure-latex/powerOfT
estVisual04-1.pdf Graphic file (type pdf)
<use Svetunkov---Statistics-for-Business-Analytics_files/figure-latex/powerOfTe
stVisual04-1.pdf>
[107] [108] [109] [110]
File: Svetunkov---Statistics-for-Business-Analytics_files/figure-latex/powerCur
ve-1.pdf Graphic file (type pdf)
<use Svetunkov---Statistics-for-Business-Analytics_files/figure-latex/powerCurv
e-1.pdf>
[111]
File: Svetunkov---Statistics-for-Business-Analytics_files/figure-latex/powerCur
ves02-1.pdf Graphic file (type pdf)
<use Svetunkov---Statistics-for-Business-Analytics_files/figure-latex/powerCurv
es02-1.pdf>

Underfull \vbox (badness 2698) has occurred while \output is active []

[112] [113] [114]
Overfull \hbox (236.14404pt too wide) in paragraph at lines 2945--2954
 [][] 
 []

[115] [116]
Chapter 8.
[117

] [118]
File: Svetunkov---Statistics-for-Business-Analytics_files/figure-latex/hypothes
isTestingZTestPvalue-1.pdf Graphic file (type pdf)
<use Svetunkov---Statistics-for-Business-Analytics_files/figure-latex/hypothesi
sTestingZTestPvalue-1.pdf>
[119] [120] [121] [122]
File: Svetunkov---Statistics-for-Business-Analytics_files/figure-latex/hypothes
isTestingChiSquared-1.pdf Graphic file (type pdf)
<use Svetunkov---Statistics-for-Business-Analytics_files/figure-latex/hypothesi
sTestingChiSquared-1.pdf>
[123]
File: Svetunkov---Statistics-for-Business-Analytics_files/figure-latex/hypothes
isTestingChiSquared2-1.pdf Graphic file (type pdf)
<use Svetunkov---Statistics-for-Business-Analytics_files/figure-latex/hypothesi
sTestingChiSquared2-1.pdf>
[124]
Chapter 9.

Underfull \vbox (badness 1297) has occurred while \output is active []

[125

] [126]
Underfull \vbox (badness 3668) has occurred while \output is active []

[127] [128]
File: Svetunkov---Statistics-for-Business-Analytics_files/figure-latex/tableplo
tAgeSize-1.pdf Graphic file (type pdf)
<use Svetunkov---Statistics-for-Business-Analytics_files/figure-latex/tableplot
AgeSize-1.pdf>
[129] [130] [131]
File: Svetunkov---Statistics-for-Business-Analytics_files/figure-latex/mtcarsSc
atterPlotDispMPG-1.pdf Graphic file (type pdf)
<use Svetunkov---Statistics-for-Business-Analytics_files/figure-latex/mtcarsSca
tterPlotDispMPG-1.pdf>
[132]
File: Svetunkov---Statistics-for-Business-Analytics_files/figure-latex/mtcarsSc
atterPlotMPGDisp-1.pdf Graphic file (type pdf)
<use Svetunkov---Statistics-for-Business-Analytics_files/figure-latex/mtcarsSca
tterPlotMPGDisp-1.pdf>
[133]
File: Svetunkov---Statistics-for-Business-Analytics_files/figure-latex/correlat
ionsScatterplotExample-1.pdf Graphic file (type pdf)
<use Svetunkov---Statistics-for-Business-Analytics_files/figure-latex/correlati
onsScatterplotExample-1.pdf>
[134]
Overfull \hbox (33.0pt too wide) in paragraph at lines 3618--3618
[]\TU/lmtt/m/n/10 ## Warning in cor.test.default(mtcarsData$mpg, mtcarsData$dis
p, method =[] 
 []

[135]
File: Svetunkov---Statistics-for-Business-Analytics_files/figure-latex/unnamed-
chunk-52-1.pdf Graphic file (type pdf)
<use Svetunkov---Statistics-for-Business-Analytics_files/figure-latex/unnamed-c
hunk-52-1.pdf>
[136]
Overfull \hbox (54.0pt too wide) in paragraph at lines 3800--3800
[]\TU/lmtt/m/n/10 ##          mpg    cyl    disp      hp    drat      wt    qse
c     vs     am[] 
 []


Overfull \hbox (54.0pt too wide) in paragraph at lines 3800--3800
[]\TU/lmtt/m/n/10 ## mpg   1.0000 0.8558 -0.8476 -0.7762  0.6812 -0.8677  0.418
7 0.6640 0.5998[] 
 []


Overfull \hbox (54.0pt too wide) in paragraph at lines 3800--3800
[]\TU/lmtt/m/n/10 ## cyl   0.8558 1.0000  0.9152  0.8449  0.7018  0.7826  0.591
3 0.7889 0.4643[] 
 []


Overfull \hbox (54.0pt too wide) in paragraph at lines 3800--3800
[]\TU/lmtt/m/n/10 ## disp -0.8476 0.9152  1.0000  0.7909 -0.7102  0.8880 -0.433
7 0.7104 0.5912[] 
 []


Overfull \hbox (54.0pt too wide) in paragraph at lines 3800--3800
[]\TU/lmtt/m/n/10 ## hp   -0.7762 0.8449  0.7909  1.0000 -0.4488  0.6587 -0.708
2 0.7231 0.2432[] 
 []

[137]
Overfull \hbox (54.0pt too wide) in paragraph at lines 3800--3800
[]\TU/lmtt/m/n/10 ## drat  0.6812 0.7018 -0.7102 -0.4488  1.0000 -0.7124  0.091
2 0.4403 0.7127[] 
 []


Overfull \hbox (54.0pt too wide) in paragraph at lines 3800--3800
[]\TU/lmtt/m/n/10 ## wt   -0.8677 0.7826  0.8880  0.6587 -0.7124  1.0000 -0.174
7 0.5549 0.6925[] 
 []


Overfull \hbox (54.0pt too wide) in paragraph at lines 3800--3800
[]\TU/lmtt/m/n/10 ## qsec  0.4187 0.5913 -0.4337 -0.7082  0.0912 -0.1747  1.000
0 0.7445 0.2299[] 
 []


Overfull \hbox (54.0pt too wide) in paragraph at lines 3800--3800
[]\TU/lmtt/m/n/10 ## vs    0.6640 0.7889  0.7104  0.7231  0.4403  0.5549  0.744
5 1.0000 0.0000[] 
 []


Overfull \hbox (54.0pt too wide) in paragraph at lines 3800--3800
[]\TU/lmtt/m/n/10 ## am    0.5998 0.4643  0.5912  0.2432  0.7127  0.6925  0.229
9 0.0000 1.0000[] 
 []


Overfull \hbox (54.0pt too wide) in paragraph at lines 3800--3800
[]\TU/lmtt/m/n/10 ## gear  0.6551 0.4820  0.7671  0.6638  0.8319  0.6587  0.633
4 0.5728 0.7808[] 
 []


Overfull \hbox (54.0pt too wide) in paragraph at lines 3800--3800
[]\TU/lmtt/m/n/10 ## carb  0.6667 0.4847  0.5605  0.7873  0.3344  0.6129  0.669
5 0.5733 0.1864[] 
 []


Overfull \hbox (59.25pt too wide) in paragraph at lines 3800--3800
[]\TU/lmtt/m/n/10 ##         mpg    cyl   disp     hp   drat     wt   qsec     
vs     am   gear[] 
 []


Overfull \hbox (59.25pt too wide) in paragraph at lines 3800--3800
[]\TU/lmtt/m/n/10 ## mpg  0.0000 0.0000 0.0000 0.0000 0.0000 0.0000 0.0171 0.00
00 0.0003 0.0003[] 
 []


Overfull \hbox (59.25pt too wide) in paragraph at lines 3800--3800
[]\TU/lmtt/m/n/10 ## cyl  0.0000 0.0000 0.0000 0.0000 0.0001 0.0000 0.0020 0.00
00 0.0126 0.0012[] 
 []


Overfull \hbox (59.25pt too wide) in paragraph at lines 3800--3800
[]\TU/lmtt/m/n/10 ## disp 0.0000 0.0000 0.0000 0.0000 0.0000 0.0000 0.0131 0.00
00 0.0004 0.0000[] 
 []


Overfull \hbox (59.25pt too wide) in paragraph at lines 3800--3800
[]\TU/lmtt/m/n/10 ## hp   0.0000 0.0000 0.0000 0.0000 0.0100 0.0000 0.0000 0.00
00 0.1798 0.0002[] 
 []


Overfull \hbox (59.25pt too wide) in paragraph at lines 3800--3800
[]\TU/lmtt/m/n/10 ## drat 0.0000 0.0001 0.0000 0.0100 0.0000 0.0000 0.6196 0.01
17 0.0000 0.0000[] 
 []


Overfull \hbox (59.25pt too wide) in paragraph at lines 3800--3800
[]\TU/lmtt/m/n/10 ## wt   0.0000 0.0000 0.0000 0.0000 0.0000 0.0000 0.3389 0.00
10 0.0000 0.0003[] 
 []


Overfull \hbox (59.25pt too wide) in paragraph at lines 3800--3800
[]\TU/lmtt/m/n/10 ## qsec 0.0171 0.0020 0.0131 0.0000 0.6196 0.3389 0.0000 0.00
00 0.2057 0.0006[] 
 []


Overfull \hbox (59.25pt too wide) in paragraph at lines 3800--3800
[]\TU/lmtt/m/n/10 ## vs   0.0000 0.0000 0.0000 0.0000 0.0117 0.0010 0.0000 0.00
00 0.5555 0.0022[] 
 []


Overfull \hbox (59.25pt too wide) in paragraph at lines 3800--3800
[]\TU/lmtt/m/n/10 ## am   0.0003 0.0126 0.0004 0.1798 0.0000 0.0000 0.2057 0.55
55 0.0000 0.0000[] 
 []


Overfull \hbox (59.25pt too wide) in paragraph at lines 3800--3800
[]\TU/lmtt/m/n/10 ## gear 0.0003 0.0012 0.0000 0.0002 0.0000 0.0003 0.0006 0.00
22 0.0000 0.0000[] 
 []


Overfull \hbox (59.25pt too wide) in paragraph at lines 3800--3800
[]\TU/lmtt/m/n/10 ## carb 0.0065 0.0066 0.0662 0.0001 0.6607 0.0242 0.0061 0.00
90 0.2838 0.0857[] 
 []

[138]
Overfull \hbox (27.75pt too wide) in paragraph at lines 3800--3800
[]\TU/lmtt/m/n/10 ##      mpg       cyl      disp      hp        drat      wt  
      qsec[] 
 []


Overfull \hbox (54.0pt too wide) in paragraph at lines 3800--3800
[]\TU/lmtt/m/n/10 ## mpg  "none"    "mcor"   "pearson" "pearson" "pearson" "pea
rson" "pearson"[] 
 []


Overfull \hbox (38.25pt too wide) in paragraph at lines 3800--3800
[]\TU/lmtt/m/n/10 ## cyl  "mcor"    "none"   "mcor"    "mcor"    "mcor"    "mco
r"    "mcor"[] 
 []


Overfull \hbox (54.0pt too wide) in paragraph at lines 3800--3800
[]\TU/lmtt/m/n/10 ## disp "pearson" "mcor"   "none"    "pearson" "pearson" "pea
rson" "pearson"[] 
 []


Overfull \hbox (54.0pt too wide) in paragraph at lines 3800--3800
[]\TU/lmtt/m/n/10 ## hp   "pearson" "mcor"   "pearson" "none"    "pearson" "pea
rson" "pearson"[] 
 []


Overfull \hbox (54.0pt too wide) in paragraph at lines 3800--3800
[]\TU/lmtt/m/n/10 ## drat "pearson" "mcor"   "pearson" "pearson" "none"    "pea
rson" "pearson"[] 
 []


Overfull \hbox (54.0pt too wide) in paragraph at lines 3800--3800
[]\TU/lmtt/m/n/10 ## wt   "pearson" "mcor"   "pearson" "pearson" "pearson" "non
e"    "pearson"[] 
 []


Overfull \hbox (38.25pt too wide) in paragraph at lines 3800--3800
[]\TU/lmtt/m/n/10 ## qsec "pearson" "mcor"   "pearson" "pearson" "pearson" "pea
rson" "none"[] 
 []


Overfull \hbox (38.25pt too wide) in paragraph at lines 3800--3800
[]\TU/lmtt/m/n/10 ## vs   "mcor"    "cramer" "mcor"    "mcor"    "mcor"    "mco
r"    "mcor"[] 
 []


Overfull \hbox (38.25pt too wide) in paragraph at lines 3800--3800
[]\TU/lmtt/m/n/10 ## am   "mcor"    "cramer" "mcor"    "mcor"    "mcor"    "mco
r"    "mcor"[] 
 []


Overfull \hbox (38.25pt too wide) in paragraph at lines 3800--3800
[]\TU/lmtt/m/n/10 ## gear "mcor"    "cramer" "mcor"    "mcor"    "mcor"    "mco
r"    "mcor"[] 
 []


Overfull \hbox (38.25pt too wide) in paragraph at lines 3800--3800
[]\TU/lmtt/m/n/10 ## carb "mcor"    "cramer" "mcor"    "mcor"    "mcor"    "mco
r"    "mcor"[] 
 []

[139] [140

]
Chapter 10.
File: Svetunkov---Statistics-for-Business-Analytics_files/figure-latex/scatterW
eightMPG2-1.pdf Graphic file (type pdf)
<use Svetunkov---Statistics-for-Business-Analytics_files/figure-latex/scatterWe
ightMPG2-1.pdf>
[141]
File: Svetunkov---Statistics-for-Business-Analytics_files/figure-latex/scatterW
eightMPG3-1.pdf Graphic file (type pdf)
<use Svetunkov---Statistics-for-Business-Analytics_files/figure-latex/scatterWe
ightMPG3-1.pdf>
[142]
Overfull \hbox (85.5pt too wide) in paragraph at lines 3870--3870
[]\TU/lmtt/m/n/10 ##           Mazda RX4       Mazda RX4 Wag          Datsun 71
0      Hornet 4 Drive[] 
 []


Overfull \hbox (85.5pt too wide) in paragraph at lines 3870--3870
[]\TU/lmtt/m/n/10 ##          -2.2826106          -0.9197704          -2.085952
1           1.2973499[] 
 []


Overfull \hbox (85.5pt too wide) in paragraph at lines 3870--3870
[]\TU/lmtt/m/n/10 ##   Hornet Sportabout             Valiant          Duster 36
0           Merc 240D[] 
 []


Overfull \hbox (85.5pt too wide) in paragraph at lines 3870--3870
[]\TU/lmtt/m/n/10 ##          -0.2001440          -0.6932545          -3.905362
7           4.1637381[] 
 []


Overfull \hbox (85.5pt too wide) in paragraph at lines 3870--3870
[]\TU/lmtt/m/n/10 ##            Merc 230            Merc 280           Merc 280
C          Merc 450SE[] 
 []


Overfull \hbox (85.5pt too wide) in paragraph at lines 3870--3870
[]\TU/lmtt/m/n/10 ##           2.3499593           0.2998560          -1.100144
0           0.8668731[] 
 []


Overfull \hbox (85.5pt too wide) in paragraph at lines 3870--3870
[]\TU/lmtt/m/n/10 ##          Merc 450SL         Merc 450SLC  Cadillac Fleetwoo
d Lincoln Continental[] 
 []


Overfull \hbox (85.5pt too wide) in paragraph at lines 3870--3870
[]\TU/lmtt/m/n/10 ##          -0.0502472          -1.8830236           1.173349
6           2.1032876[] 
 []


Overfull \hbox (85.5pt too wide) in paragraph at lines 3870--3870
[]\TU/lmtt/m/n/10 ##   Chrysler Imperial            Fiat 128         Honda Civi
c      Toyota Corolla[] 
 []


Overfull \hbox (85.5pt too wide) in paragraph at lines 3870--3870
[]\TU/lmtt/m/n/10 ##           5.9810744           6.8727113           1.746195
4           6.4219792[] 
 []


Overfull \hbox (85.5pt too wide) in paragraph at lines 3870--3870
[]\TU/lmtt/m/n/10 ##       Toyota Corona    Dodge Challenger         AMC Javeli
n          Camaro Z28[] 
 []


Overfull \hbox (85.5pt too wide) in paragraph at lines 3870--3870
[]\TU/lmtt/m/n/10 ##          -2.6110037          -2.9725862          -3.726866
3          -3.4623553[] 
 []


Overfull \hbox (85.5pt too wide) in paragraph at lines 3870--3870
[]\TU/lmtt/m/n/10 ##    Pontiac Firebird           Fiat X1-9       Porsche 914-
2        Lotus Europa[] 
 []


Overfull \hbox (85.5pt too wide) in paragraph at lines 3870--3870
[]\TU/lmtt/m/n/10 ##           2.4643670           0.3564263           0.152043
0           1.2010593[] 
 []


Overfull \hbox (85.5pt too wide) in paragraph at lines 3870--3870
[]\TU/lmtt/m/n/10 ##      Ford Pantera L        Ferrari Dino       Maserati Bor
a          Volvo 142E[] 
 []

[143]
Overfull \hbox (85.5pt too wide) in paragraph at lines 3870--3870
[]\TU/lmtt/m/n/10 ##          -4.5431513          -2.7809399          -3.205362
7          -1.0274952[] 
 []

[144] [145] [146] [147] [148] [149]
File: images/09-SLR-SSE-white.png Graphic file (type bmp)
<images/09-SLR-SSE-white.png>
[150] [151] [152]
Chapter 11.
File: Svetunkov---Statistics-for-Business-Analytics_files/figure-latex/scatterp
lot3dmtcars-1.pdf Graphic file (type pdf)
<use Svetunkov---Statistics-for-Business-Analytics_files/figure-latex/scatterpl
ot3dmtcars-1.pdf>
[153

]
LaTeX Font Info:    Font shape `TU/latinmodern-math.otf(1)/b/n' will be
(Font)              scaled to size 10.0pt on input line 4238.
LaTeX Font Info:    Font shape `TU/latinmodern-math.otf(1)/b/n' will be
(Font)              scaled to size 7.0pt on input line 4238.
LaTeX Font Info:    Font shape `TU/latinmodern-math.otf(1)/b/n' will be
(Font)              scaled to size 5.0pt on input line 4238.
LaTeX Font Info:    Font shape `TU/latinmodern-math.otf(2)/b/n' will be
(Font)              scaled to size 10.00092pt on input line 4238.
LaTeX Font Info:    Font shape `TU/latinmodern-math.otf(2)/b/n' will be
(Font)              scaled to size 7.00064pt on input line 4238.
LaTeX Font Info:    Font shape `TU/latinmodern-math.otf(2)/b/n' will be
(Font)              scaled to size 5.00046pt on input line 4238.
LaTeX Font Info:    Font shape `TU/latinmodern-math.otf(3)/b/n' will be
(Font)              scaled to size 9.99893pt on input line 4238.
LaTeX Font Info:    Font shape `TU/latinmodern-math.otf(3)/b/n' will be
(Font)              scaled to size 6.99925pt on input line 4238.
LaTeX Font Info:    Font shape `TU/latinmodern-math.otf(3)/b/n' will be
(Font)              scaled to size 4.99947pt on input line 4238.
[154]
File: Svetunkov---Statistics-for-Business-Analytics_files/figure-latex/unnamed-
chunk-62-1.pdf Graphic file (type pdf)
<use Svetunkov---Statistics-for-Business-Analytics_files/figure-latex/unnamed-c
hunk-62-1.pdf>
File: Svetunkov---Statistics-for-Business-Analytics_files/figure-latex/mtcarsMo
del02Plot-1.pdf Graphic file (type pdf)
<use Svetunkov---Statistics-for-Business-Analytics_files/figure-latex/mtcarsMod
el02Plot-1.pdf>

Underfull \vbox (badness 3375) has occurred while \output is active []

[155] [156] [157]
Overfull \hbox (43.5pt too wide) in paragraph at lines 4405--4405
[]\TU/lmtt/m/n/10 ## (Intercept)         cyl        disp          hp        dra
t          wt[] 
 []


Overfull \hbox (43.5pt too wide) in paragraph at lines 4405--4405
[]\TU/lmtt/m/n/10 ## 17.88963741 -0.41459575  0.01293240 -0.02084886  1.1010955
1 -3.92064847[] 
 []

[158] [159] [160

]
Chapter 12.
File: Svetunkov---Statistics-for-Business-Analytics_files/figure-latex/scatterW
eightMPG4-1.pdf Graphic file (type pdf)
<use Svetunkov---Statistics-for-Business-Analytics_files/figure-latex/scatterWe
ightMPG4-1.pdf>
[161]
File: Svetunkov---Statistics-for-Business-Analytics_files/figure-latex/scatterS
peedDistance-1.pdf Graphic file (type pdf)
<use Svetunkov---Statistics-for-Business-Analytics_files/figure-latex/scatterSp
eedDistance-1.pdf>
File: Svetunkov---Statistics-for-Business-Analytics_files/figure-latex/slmSpeed
DistanceBoot-1.pdf Graphic file (type pdf)
<use Svetunkov---Statistics-for-Business-Analytics_files/figure-latex/slmSpeedD
istanceBoot-1.pdf>
[162]
Underfull \vbox (badness 10000) has occurred while \output is active []

[163] [164]
File: Svetunkov---Statistics-for-Business-Analytics_files/figure-latex/speedDis
tanceHypotheses-1.pdf Graphic file (type pdf)
<use Svetunkov---Statistics-for-Business-Analytics_files/figure-latex/speedDist
anceHypotheses-1.pdf>
[165] [166] [167]
File: Svetunkov---Statistics-for-Business-Analytics_files/figure-latex/speedDis
tanceHypothesesF-1.pdf Graphic file (type pdf)
<use Svetunkov---Statistics-for-Business-Analytics_files/figure-latex/speedDist
anceHypothesesF-1.pdf>
[168]
Underfull \vbox (badness 10000) has occurred while \output is active []

[169]
File: Svetunkov---Statistics-for-Business-Analytics_files/figure-latex/speedDis
tanceConfidenceInterval-1.pdf Graphic file (type pdf)
<use Svetunkov---Statistics-for-Business-Analytics_files/figure-latex/speedDist
anceConfidenceInterval-1.pdf>
[170]
File: Svetunkov---Statistics-for-Business-Analytics_files/figure-latex/speedDis
tanceConfidenceIntervalAvsF-1.pdf Graphic file (type pdf)
<use Svetunkov---Statistics-for-Business-Analytics_files/figure-latex/speedDist
anceConfidenceIntervalAvsF-1.pdf>

Underfull \hbox (badness 1953) in paragraph at lines 4750--4751
[]\TU/lmr/m/n/10 In R, this can be done via the very same \TU/lmtt/m/n/10 predi
ct() \TU/lmr/m/n/10 function with
 []

[171]
File: Svetunkov---Statistics-for-Business-Analytics_files/figure-latex/speedDis
tancePI-1.pdf Graphic file (type pdf)
<use Svetunkov---Statistics-for-Business-Analytics_files/figure-latex/speedDist
ancePI-1.pdf>
File: Svetunkov---Statistics-for-Business-Analytics_files/figure-latex/speedDis
tanceForecast-1.pdf Graphic file (type pdf)
<use Svetunkov---Statistics-for-Business-Analytics_files/figure-latex/speedDist
anceForecast-1.pdf>
[172] [173] [174

]
Chapter 13.
[175]
File: Svetunkov---Statistics-for-Business-Analytics_files/figure-latex/tShirtsS
pread-1.pdf Graphic file (type pdf)
<use Svetunkov---Statistics-for-Business-Analytics_files/figure-latex/tShirtsSp
read-1.pdf>
File: Svetunkov---Statistics-for-Business-Analytics_files/figure-latex/tShirtsS
catterPlot-1.pdf Graphic file (type pdf)
<use Svetunkov---Statistics-for-Business-Analytics_files/figure-latex/tShirtsSc
atterPlot-1.pdf>
[176] [177]
Underfull \hbox (badness 2547) in paragraph at lines 4915--4916
[]\TU/lmr/m/n/10 Finally, for the green one, the model is: sales=1052.04+-71.07
-
 []

[178]
File: Svetunkov---Statistics-for-Business-Analytics_files/figure-latex/unnamed-
chunk-80-1.pdf Graphic file (type pdf)
<use Svetunkov---Statistics-for-Business-Analytics_files/figure-latex/unnamed-c
hunk-80-1.pdf>

Underfull \vbox (badness 10000) has occurred while \output is active []

[179] [180]
File: Svetunkov---Statistics-for-Business-Analytics_files/figure-latex/tShirtsI
nteractionScatterPlot-1.pdf Graphic file (type pdf)
<use Svetunkov---Statistics-for-Business-Analytics_files/figure-latex/tShirtsIn
teractionScatterPlot-1.pdf>
[181] [182] [183] [184

]
Chapter 14.
File: Svetunkov---Statistics-for-Business-Analytics_files/figure-latex/speedDis
tanceExtrapolation-1.pdf Graphic file (type pdf)
<use Svetunkov---Statistics-for-Business-Analytics_files/figure-latex/speedDist
anceExtrapolation-1.pdf>
[185]

LaTeX Warning: Reference `(' on page 186 undefined on input line 5094.

File: Svetunkov---Statistics-for-Business-Analytics_files/figure-latex/speedDis
tanceLogs-1.pdf Graphic file (type pdf)
<use Svetunkov---Statistics-for-Business-Analytics_files/figure-latex/speedDist
anceLogs-1.pdf>
[186] [187]
File: Svetunkov---Statistics-for-Business-Analytics_files/figure-latex/speedDis
tanceLogExp-1.pdf Graphic file (type pdf)
<use Svetunkov---Statistics-for-Business-Analytics_files/figure-latex/speedDist
anceLogExp-1.pdf>
File: Svetunkov---Statistics-for-Business-Analytics_files/figure-latex/speedDis
tanceSquare-1.pdf Graphic file (type pdf)
<use Svetunkov---Statistics-for-Business-Analytics_files/figure-latex/speedDist
anceSquare-1.pdf>
[188]
Overfull \hbox (75.0pt too wide) in paragraph at lines 5191--5191
[]\TU/lmtt/m/n/10 ## Warning: You have asked not to include intercept in the mo
del. We will try to[] 
 []


Overfull \hbox (80.25pt too wide) in paragraph at lines 5191--5191
[]\TU/lmtt/m/n/10 ## fit the model, but this is a very naughty thing to do, and
 we cannot guarantee[] 
 []

File: Svetunkov---Statistics-for-Business-Analytics_files/figure-latex/speedDis
tanceSquare02-1.pdf Graphic file (type pdf)
<use Svetunkov---Statistics-for-Business-Analytics_files/figure-latex/speedDist
anceSquare02-1.pdf>
[189]
File: Svetunkov---Statistics-for-Business-Analytics_files/figure-latex/speedDis
tanceSqrt-1.pdf Graphic file (type pdf)
<use Svetunkov---Statistics-for-Business-Analytics_files/figure-latex/speedDist
anceSqrt-1.pdf>
[190]
Overfull \hbox (75.0pt too wide) in paragraph at lines 5241--5241
[]\TU/lmtt/m/n/10 ## Warning: You have asked not to include intercept in the mo
del. We will try to[] 
 []


Overfull \hbox (80.25pt too wide) in paragraph at lines 5241--5241
[]\TU/lmtt/m/n/10 ## fit the model, but this is a very naughty thing to do, and
 we cannot guarantee[] 
 []

File: Svetunkov---Statistics-for-Business-Analytics_files/figure-latex/speedDis
tanceSqrt02-1.pdf Graphic file (type pdf)
<use Svetunkov---Statistics-for-Business-Analytics_files/figure-latex/speedDist
anceSqrt02-1.pdf>

Overfull \hbox (148.47658pt too wide) in paragraph at lines 5243--5245
\TU/lmr/m/n/10 values to get to the original scale): [] 
 []

[191] [192]
File: Svetunkov---Statistics-for-Business-Analytics_files/figure-latex/transfor
mationsExamples01-1.pdf Graphic file (type pdf)
<use Svetunkov---Statistics-for-Business-Analytics_files/figure-latex/transform
ationsExamples01-1.pdf>

LaTeX Warning: Reference `fig:transformationsExamples02' on page 193 undefined 
on input line 5340.

[193]
File: Svetunkov---Statistics-for-Business-Analytics_files/figure-latex/transfor
mationsExamples02-1.pdf Graphic file (type pdf)
<use Svetunkov---Statistics-for-Business-Analytics_files/figure-latex/transform
ationsExamples02-1.pdf>

Underfull \vbox (badness 10000) has occurred while \output is active []

[194]
File: Svetunkov---Statistics-for-Business-Analytics_files/figure-latex/transfor
mationsExamples03-1.pdf Graphic file (type pdf)
<use Svetunkov---Statistics-for-Business-Analytics_files/figure-latex/transform
ationsExamples03-1.pdf>
File: Svetunkov---Statistics-for-Business-Analytics_files/figure-latex/transfor
mationsExamples04-1.pdf Graphic file (type pdf)
<use Svetunkov---Statistics-for-Business-Analytics_files/figure-latex/transform
ationsExamples04-1.pdf>
[195] [196]
File: Svetunkov---Statistics-for-Business-Analytics_files/figure-latex/transfor
mationsExamples05-1.pdf Graphic file (type pdf)
<use Svetunkov---Statistics-for-Business-Analytics_files/figure-latex/transform
ationsExamples05-1.pdf>
[197]

LaTeX Warning: Reference `fig:' on page 198 undefined on input line 5431.

File: Svetunkov---Statistics-for-Business-Analytics_files/figure-latex/transfor
mationsExamples06-1.pdf Graphic file (type pdf)
<use Svetunkov---Statistics-for-Business-Analytics_files/figure-latex/transform
ationsExamples06-1.pdf>
[198] [199] [200

]
Chapter 15.
[201]
File: Svetunkov---Statistics-for-Business-Analytics_files/figure-latex/diagnost
ics01-1.pdf Graphic file (type pdf)
<use Svetunkov---Statistics-for-Business-Analytics_files/figure-latex/diagnosti
cs01-1.pdf>
File: Svetunkov---Statistics-for-Business-Analytics_files/figure-latex/diagnost
ics02-1.pdf Graphic file (type pdf)
<use Svetunkov---Statistics-for-Business-Analytics_files/figure-latex/diagnosti
cs02-1.pdf>
[202] [203]
File: Svetunkov---Statistics-for-Business-Analytics_files/figure-latex/diagnost
ics03-1.pdf Graphic file (type pdf)
<use Svetunkov---Statistics-for-Business-Analytics_files/figure-latex/diagnosti
cs03-1.pdf>
[204]
File: Svetunkov---Statistics-for-Business-Analytics_files/figure-latex/diagnost
ics04-1.pdf Graphic file (type pdf)
<use Svetunkov---Statistics-for-Business-Analytics_files/figure-latex/diagnosti
cs04-1.pdf>
[205]
File: Svetunkov---Statistics-for-Business-Analytics_files/figure-latex/diagnost
ics05-1.pdf Graphic file (type pdf)
<use Svetunkov---Statistics-for-Business-Analytics_files/figure-latex/diagnosti
cs05-1.pdf>
[206]
File: Svetunkov---Statistics-for-Business-Analytics_files/figure-latex/diagnost
ics06-1.pdf Graphic file (type pdf)
<use Svetunkov---Statistics-for-Business-Analytics_files/figure-latex/diagnosti
cs06-1.pdf>
File: Svetunkov---Statistics-for-Business-Analytics_files/figure-latex/diagnost
ics07-1.pdf Graphic file (type pdf)
<use Svetunkov---Statistics-for-Business-Analytics_files/figure-latex/diagnosti
cs07-1.pdf>
[207] [208]
File: Svetunkov---Statistics-for-Business-Analytics_files/figure-latex/diagnost
ics08-1.pdf Graphic file (type pdf)
<use Svetunkov---Statistics-for-Business-Analytics_files/figure-latex/diagnosti
cs08-1.pdf>
[209]
File: Svetunkov---Statistics-for-Business-Analytics_files/figure-latex/diagnost
ics09-1.pdf Graphic file (type pdf)
<use Svetunkov---Statistics-for-Business-Analytics_files/figure-latex/diagnosti
cs09-1.pdf>

LaTeX Warning: Reference `ACF' on page 210 undefined on input line 5722.


LaTeX Warning: Reference `PACF' on page 210 undefined on input line 5722.


LaTeX Warning: Reference `scaleModel' on page 210 undefined on input line 5729.


[210]
File: Svetunkov---Statistics-for-Business-Analytics_files/figure-latex/diagnost
ics10-1.pdf Graphic file (type pdf)
<use Svetunkov---Statistics-for-Business-Analytics_files/figure-latex/diagnosti
cs10-1.pdf>
[211]
File: Svetunkov---Statistics-for-Business-Analytics_files/figure-latex/diagnost
ics11-1.pdf Graphic file (type pdf)
<use Svetunkov---Statistics-for-Business-Analytics_files/figure-latex/diagnosti
cs11-1.pdf>

LaTeX Warning: Reference `scaleModel' on page 212 undefined on input line 5763.


[212] [213]
File: Svetunkov---Statistics-for-Business-Analytics_files/figure-latex/diagnost
ics12-1.pdf Graphic file (type pdf)
<use Svetunkov---Statistics-for-Business-Analytics_files/figure-latex/diagnosti
cs12-1.pdf>
[214]
File: Svetunkov---Statistics-for-Business-Analytics_files/figure-latex/diagnost
ics13-1.pdf Graphic file (type pdf)
<use Svetunkov---Statistics-for-Business-Analytics_files/figure-latex/diagnosti
cs13-1.pdf>

Overfull \hbox (229.01796pt too wide) has occurred while \output is active
\TU/lmr/m/sl/10 15.3.  THE EXPLANATORY VARIABLES ARE NOT CORRELATED WITH ANYTHI
NG BUT THE RESPONSE VARIABLE \TU/lmr/m/n/10 215
 []

[215]
Overfull \hbox (48.75pt too wide) in paragraph at lines 5872--5872
[]\TU/lmtt/m/n/10 ##             cyl       disp         hp        drat         
wt        qsec[] 
 []


Overfull \hbox (48.75pt too wide) in paragraph at lines 5872--5872
[]\TU/lmtt/m/n/10 ## cyl   1.0000000  0.9020329  0.8324475 -0.69993811  0.78249
58 -0.59124207[] 
 []


Overfull \hbox (48.75pt too wide) in paragraph at lines 5872--5872
[]\TU/lmtt/m/n/10 ## disp  0.9020329  1.0000000  0.7909486 -0.71021393  0.88797
99 -0.43369788[] 
 []


Overfull \hbox (48.75pt too wide) in paragraph at lines 5872--5872
[]\TU/lmtt/m/n/10 ## hp    0.8324475  0.7909486  1.0000000 -0.44875912  0.65874
79 -0.70822339[] 
 []


Overfull \hbox (48.75pt too wide) in paragraph at lines 5872--5872
[]\TU/lmtt/m/n/10 ## drat -0.6999381 -0.7102139 -0.4487591  1.00000000 -0.71244
06  0.09120476[] 
 []


Overfull \hbox (48.75pt too wide) in paragraph at lines 5872--5872
[]\TU/lmtt/m/n/10 ## wt    0.7824958  0.8879799  0.6587479 -0.71244065  1.00000
00 -0.17471588[] 
 []

[216]
Overfull \hbox (48.75pt too wide) in paragraph at lines 5872--5872
[]\TU/lmtt/m/n/10 ## qsec -0.5912421 -0.4336979 -0.7082234  0.09120476 -0.17471
59  1.00000000[] 
 []


Overfull \hbox (48.75pt too wide) in paragraph at lines 5872--5872
[]\TU/lmtt/m/n/10 ## vs   -0.8108118 -0.7104159 -0.7230967  0.44027846 -0.55491
57  0.74453544[] 
 []


Overfull \hbox (48.75pt too wide) in paragraph at lines 5872--5872
[]\TU/lmtt/m/n/10 ## am   -0.5226070 -0.5912270 -0.2432043  0.71271113 -0.69249
53 -0.22986086[] 
 []


Overfull \hbox (48.75pt too wide) in paragraph at lines 5872--5872
[]\TU/lmtt/m/n/10 ## gear -0.4926866 -0.5555692 -0.1257043  0.69961013 -0.58328
70 -0.21268223[] 
 []


Overfull \hbox (48.75pt too wide) in paragraph at lines 5872--5872
[]\TU/lmtt/m/n/10 ## carb  0.5269883  0.3949769  0.7498125 -0.09078980  0.42760
59 -0.65624923[] 
 []


Overfull \hbox (85.5pt too wide) in paragraph at lines 5895--5895
[]\TU/lmtt/m/n/10 ##       cyl      disp        hp      drat        wt      qse
c        vs        am[] 
 []


Overfull \hbox (85.5pt too wide) in paragraph at lines 5895--5895
[]\TU/lmtt/m/n/10 ## 0.9349544 0.9537470 0.8982917 0.7036703 0.9340582 0.867161
9 0.7986256 0.7848763[] 
 []


Overfull \hbox (85.5pt too wide) in paragraph at lines 5910--5910
[]\TU/lmtt/m/n/10 ##       cyl        hp      drat        wt      qsec        v
s        am      gear[] 
 []


Overfull \hbox (85.5pt too wide) in paragraph at lines 5910--5910
[]\TU/lmtt/m/n/10 ## 0.9299952 0.8596168 0.6996363 0.8384243 0.8553748 0.796584
8 0.7847198 0.8121855[] 
 []


Overfull \hbox (229.01796pt too wide) has occurred while \output is active
\TU/lmr/m/sl/10 15.3.  THE EXPLANATORY VARIABLES ARE NOT CORRELATED WITH ANYTHI
NG BUT THE RESPONSE VARIABLE \TU/lmr/m/n/10 217
 []

[217]
Overfull \hbox (85.5pt too wide) in paragraph at lines 5931--5931
[]\TU/lmtt/m/n/10 ##       cyl        hp      drat        wt      qsec        v
s        am      gear[] 
 []


Overfull \hbox (85.5pt too wide) in paragraph at lines 5931--5931
[]\TU/lmtt/m/n/10 ## 14.284737  7.123361  3.329298  6.189050  6.914423  4.91605
3  4.645108  5.324402[] 
 []

[218]
Overfull \hbox (229.01796pt too wide) has occurred while \output is active
\TU/lmr/m/sl/10 15.3.  THE EXPLANATORY VARIABLES ARE NOT CORRELATED WITH ANYTHI
NG BUT THE RESPONSE VARIABLE \TU/lmr/m/n/10 219
 []

[219] [220

]
Chapter 16.
File: Svetunkov---Statistics-for-Business-Analytics_files/figure-latex/unnamed-
chunk-102-1.pdf Graphic file (type pdf)
<use Svetunkov---Statistics-for-Business-Analytics_files/figure-latex/unnamed-c
hunk-102-1.pdf>

Underfull \vbox (badness 10000) has occurred while \output is active []

[221]
File: Svetunkov---Statistics-for-Business-Analytics_files/figure-latex/MLENorma
lExample01-1.pdf Graphic file (type pdf)
<use Svetunkov---Statistics-for-Business-Analytics_files/figure-latex/MLENormal
Example01-1.pdf>
File: Svetunkov---Statistics-for-Business-Analytics_files/figure-latex/MLENorma
lExample02-1.pdf Graphic file (type pdf)
<use Svetunkov---Statistics-for-Business-Analytics_files/figure-latex/MLENormal
Example02-1.pdf>
[222] [223]
File: Svetunkov---Statistics-for-Business-Analytics_files/figure-latex/MLENorma
lExample03-1.pdf Graphic file (type pdf)
<use Svetunkov---Statistics-for-Business-Analytics_files/figure-latex/MLENormal
Example03-1.pdf>
File: Svetunkov---Statistics-for-Business-Analytics_files/figure-latex/MLENorma
lExample04-1.pdf Graphic file (type pdf)
<use Svetunkov---Statistics-for-Business-Analytics_files/figure-latex/MLENormal
Example04-1.pdf>
File: Svetunkov---Statistics-for-Business-Analytics_files/figure-latex/MLENorma
lExample05-1.pdf Graphic file (type pdf)
<use Svetunkov---Statistics-for-Business-Analytics_files/figure-latex/MLENormal
Example05-1.pdf>

LaTeX Warning: Reference `fig:MLENormalExample05' on page 224 undefined on inpu
t line 6066.


Underfull \vbox (badness 2913) has occurred while \output is active []

[224]
Underfull \vbox (badness 10000) detected at line 6074
 []

[225]
File: Svetunkov---Statistics-for-Business-Analytics_files/figure-latex/MLENorma
lExample06-1.pdf Graphic file (type pdf)
<use Svetunkov---Statistics-for-Business-Analytics_files/figure-latex/MLENormal
Example06-1.pdf>

LaTeX Warning: Reference `fig:MLENormalExample05' on page 226 undefined on inpu
t line 6082.

[226]
File: Svetunkov---Statistics-for-Business-Analytics_files/figure-latex/MLENorma
lExample07-1.pdf Graphic file (type pdf)
<use Svetunkov---Statistics-for-Business-Analytics_files/figure-latex/MLENormal
Example07-1.pdf>
File: Svetunkov---Statistics-for-Business-Analytics_files/figure-latex/MLENorma
lExample08-1.pdf Graphic file (type pdf)
<use Svetunkov---Statistics-for-Business-Analytics_files/figure-latex/MLENormal
Example08-1.pdf>

Underfull \vbox (badness 10000) has occurred while \output is active []

[227] [228] [229]

LaTeX Warning: Reference `modelSelection' on page 230 undefined on input line 6
206.

[230] [231]
File: Svetunkov---Statistics-for-Business-Analytics_files/figure-latex/AICModel
sPlot-1.pdf Graphic file (type pdf)
<use Svetunkov---Statistics-for-Business-Analytics_files/figure-latex/AICModels
Plot-1.pdf>
[232] [233] [234] [235] [236] [237] [238

]
Chapter 17.
File: Svetunkov---Statistics-for-Business-Analytics_files/figure-latex/biasVari
ance01-1.pdf Graphic file (type pdf)
<use Svetunkov---Statistics-for-Business-Analytics_files/figure-latex/biasVaria
nce01-1.pdf>
[239]
File: Svetunkov---Statistics-for-Business-Analytics_files/figure-latex/biasVari
ance02-1.pdf Graphic file (type pdf)
<use Svetunkov---Statistics-for-Business-Analytics_files/figure-latex/biasVaria
nce02-1.pdf>
File: Svetunkov---Statistics-for-Business-Analytics_files/figure-latex/biasVari
ance03-1.pdf Graphic file (type pdf)
<use Svetunkov---Statistics-for-Business-Analytics_files/figure-latex/biasVaria
nce03-1.pdf>
[240] [241]
File: Svetunkov---Statistics-for-Business-Analytics_files/figure-latex/biasVari
ance04-1.pdf Graphic file (type pdf)
<use Svetunkov---Statistics-for-Business-Analytics_files/figure-latex/biasVaria
nce04-1.pdf>
File: Svetunkov---Statistics-for-Business-Analytics_files/figure-latex/biasVari
ance05-1.pdf Graphic file (type pdf)
<use Svetunkov---Statistics-for-Business-Analytics_files/figure-latex/biasVaria
nce05-1.pdf>

Underfull \vbox (badness 7759) has occurred while \output is active []

[242] [243]
File: Svetunkov---Statistics-for-Business-Analytics_files/figure-latex/biasVari
anceMSE-1.pdf Graphic file (type pdf)
<use Svetunkov---Statistics-for-Business-Analytics_files/figure-latex/biasVaria
nceMSE-1.pdf>
[244] (./Svetunkov---Statistics-for-Business-Analytics.bbl [245] [246

] [247]) [248] (./Svetunkov---Statistics-for-Business-Analytics.aux)

LaTeX Warning: There were undefined references.


LaTeX Warning: There were multiply-defined labels.

 ) 
Here is how much of TeX's memory you used:
 23094 strings out of 477444
 493657 string characters out of 5846098
 916465 words of memory out of 5000000
 43193 multiletter control sequences out of 15000+600000
 477341 words of font info for 100 fonts, out of 8000000 for 9000
 682 hyphenation exceptions out of 8191
 86i,14n,121p,2163b,591s stack positions out of 5000i,500n,10000p,200000b,80000s

Output written on Svetunkov---Statistics-for-Business-Analytics.pdf (248 pages)
.
